2019-07-23 09:07:48,941 INFO[org.cyanspring.tools.service.HistoricalDataService:422] - H_INDEX_LTCUSD_1M lset:{"c":103.78216337875,"h":103.8661566145,"kt":"2019-06-05 23:59","l":0.03,"o":103.8661566145,"sc":"INDEX","sm":"LTCUSD","to":0.0,"ts":"2019-06-05 23:59:00.000","v":0.0}
2019-07-23 09:08:07,910 INFO[org.cyanspring.tools.service.HistoricalDataService:379] - left:46082,right:46080
2019-07-23 09:08:07,920 INFO[org.cyanspring.tools.service.HistoricalDataService:58] - 0.32513333333333333 minutes
2019-07-23 09:08:19,638 INFO[org.cyanspring.tools.service.HistoricalDataService:422] - H_INDEX_LTCUSD_1M lset:{"c":103.78216337875,"h":103.8661566145,"kt":"2019-06-05 23:59","l":0.03,"o":103.8661566145,"sc":"INDEX","sm":"LTCUSD","to":0.0,"ts":"2019-06-05 23:59:00.000","v":0.0}
2019-07-23 09:08:23,593 INFO[org.cyanspring.tools.service.HistoricalDataService:379] - left:46080,right:46082
2019-07-23 09:08:26,239 INFO[org.cyanspring.tools.service.HistoricalDataService:388] - 1min list size:3,maxHigh:103.93484635499999,minLow:103.66125207749998
2019-07-23 09:08:26,242 INFO[org.cyanspring.tools.service.HistoricalDataService:422] - H_INDEX_LTCUSD_3M lset:{"c":103.92705922333333,"h":103.93484635499999,"kt":"2019-06-05 22:57","l":103.500423093375,"o":103.66125207749998,"sc":"INDEX","sm":"LTCUSD","to":0.0,"ts":"2019-06-05 22:59:00.000","v":0.0}
2019-07-23 09:08:28,520 INFO[org.cyanspring.tools.service.HistoricalDataService:379] - left:46080,right:46084
2019-07-23 09:08:28,530 INFO[org.cyanspring.tools.service.HistoricalDataService:388] - 1min list size:5,maxHigh:103.93484635499999,minLow:103.500423093375
2019-07-23 09:08:28,533 INFO[org.cyanspring.tools.service.HistoricalDataService:422] - H_INDEX_LTCUSD_5M lset:{"c":103.92705922333333,"h":103.93484635499999,"kt":"2019-06-05 22:55","l":103.468700677625,"o":103.500423093375,"sc":"INDEX","sm":"LTCUSD","to":0.0,"ts":"2019-06-05 22:59:00.000","v":0.0}
2019-07-23 09:08:28,536 INFO[org.cyanspring.tools.service.HistoricalDataService:379] - left:46080,right:46089
2019-07-23 09:08:28,541 INFO[org.cyanspring.tools.service.HistoricalDataService:388] - 1min list size:10,maxHigh:103.93484635499999,minLow:103.46401726666666
2019-07-23 09:08:28,544 INFO[org.cyanspring.tools.service.HistoricalDataService:422] - H_INDEX_LTCUSD_10M lset:{"c":103.95633327916666,"h":104.27255283225,"kt":"2019-06-05 23:00","l":103.45626134333334,"o":103.92705922333333,"sc":"INDEX","sm":"LTCUSD","to":0.0,"ts":"2019-06-05 23:09:00.000","v":0.0}
2019-07-23 09:08:28,547 INFO[org.cyanspring.tools.service.HistoricalDataService:379] - left:46080,right:46094
2019-07-23 09:08:28,553 INFO[org.cyanspring.tools.service.HistoricalDataService:388] - 1min list size:15,maxHigh:103.93484635499999,minLow:103.38267661666664
2019-07-23 09:08:28,555 INFO[org.cyanspring.tools.service.HistoricalDataService:422] - H_INDEX_LTCUSD_15M lset:{"c":103.92705922333333,"h":103.93484635499999,"kt":"2019-06-05 22:45","l":103.38267661666664,"o":103.4563971,"sc":"INDEX","sm":"LTCUSD","to":0.0,"ts":"2019-06-05 22:59:00.000","v":0.0}
2019-07-23 09:08:28,558 INFO[org.cyanspring.tools.service.HistoricalDataService:379] - left:46080,right:46109
2019-07-23 09:08:28,568 INFO[org.cyanspring.tools.service.HistoricalDataService:388] - 1min list size:30,maxHigh:103.93484635499999,minLow:103.3245568875
2019-07-23 09:08:28,570 INFO[org.cyanspring.tools.service.HistoricalDataService:422] - H_INDEX_LTCUSD_30M lset:{"c":103.82492597749999,"h":104.27255283225,"kt":"2019-06-05 23:00","l":103.3245568875,"o":103.92705922333333,"sc":"INDEX","sm":"LTCUSD","to":0.0,"ts":"2019-06-05 23:29:00.000","v":0.0}
2019-07-23 09:08:28,575 INFO[org.cyanspring.tools.service.HistoricalDataService:379] - left:46080,right:46139
2019-07-23 09:08:28,588 INFO[org.cyanspring.tools.service.HistoricalDataService:388] - 1min list size:60,maxHigh:103.93484635499999,minLow:102.70494772625
2019-07-23 09:08:28,591 INFO[org.cyanspring.tools.service.HistoricalDataService:422] - H_INDEX_LTCUSD_1H lset:{"c":103.78216337875,"h":104.29726803625,"kt":"2019-06-05 23:00","l":102.70494772625,"o":103.92705922333333,"sc":"INDEX","sm":"LTCUSD","to":0.0,"ts":"2019-06-05 23:59:00.000","v":0.0}
2019-07-23 09:08:28,594 INFO[org.cyanspring.tools.service.HistoricalDataService:379] - left:46080,right:46199
2019-07-23 09:08:28,619 INFO[org.cyanspring.tools.service.HistoricalDataService:388] - 1min list size:120,maxHigh:103.93484635499999,minLow:101.84955840399999
2019-07-23 09:08:28,622 INFO[org.cyanspring.tools.service.HistoricalDataService:422] - H_INDEX_LTCUSD_2H lset:{"c":103.78216337875,"h":104.29726803625,"kt":"2019-06-05 22:00","l":101.84955840399999,"o":103.21139468249999,"sc":"INDEX","sm":"LTCUSD","to":0.0,"ts":"2019-06-05 23:59:00.000","v":0.0}
2019-07-23 09:08:28,627 INFO[org.cyanspring.tools.service.HistoricalDataService:379] - left:46080,right:46319
2019-07-23 09:08:28,669 INFO[org.cyanspring.tools.service.HistoricalDataService:388] - 1min list size:240,maxHigh:104.34189772583333,minLow:101.84955840399999
2019-07-23 09:08:28,674 INFO[org.cyanspring.tools.service.HistoricalDataService:422] - H_INDEX_LTCUSD_4H lset:{"c":103.78216337875,"h":104.34189772583333,"kt":"2019-06-05 20:00","l":101.84955840399999,"o":103.06530376799999,"sc":"INDEX","sm":"LTCUSD","to":0.0,"ts":"2019-06-05 23:59:00.000","v":0.0}
2019-07-23 09:08:28,676 INFO[org.cyanspring.tools.service.HistoricalDataService:379] - left:46080,right:46439
2019-07-23 09:08:28,708 INFO[org.cyanspring.tools.service.HistoricalDataService:388] - 1min list size:360,maxHigh:104.34189772583333,minLow:101.84097337975
2019-07-23 09:08:28,713 INFO[org.cyanspring.tools.service.HistoricalDataService:422] - H_INDEX_LTCUSD_6H lset:{"c":103.78216337875,"h":104.34189772583333,"kt":"2019-06-05 18:00","l":101.84097337975,"o":102.81970081899999,"sc":"INDEX","sm":"LTCUSD","to":0.0,"ts":"2019-06-05 23:59:00.000","v":0.0}
2019-07-23 09:08:28,716 INFO[org.cyanspring.tools.service.HistoricalDataService:379] - left:46080,right:46559
2019-07-23 09:08:28,761 INFO[org.cyanspring.tools.service.HistoricalDataService:388] - 1min list size:480,maxHigh:104.34189772583333,minLow:100.4722525
2019-07-23 09:08:28,764 INFO[org.cyanspring.tools.service.HistoricalDataService:422] - H_INDEX_LTCUSD_8H lset:{"c":103.78216337875,"h":104.34189772583333,"kt":"2019-06-05 16:00","l":100.4722525,"o":100.81574874583332,"sc":"INDEX","sm":"LTCUSD","to":0.0,"ts":"2019-06-05 23:59:00.000","v":0.0}
2019-07-23 09:08:28,766 INFO[org.cyanspring.tools.service.HistoricalDataService:379] - left:46080,right:46799
2019-07-23 09:08:28,822 INFO[org.cyanspring.tools.service.HistoricalDataService:388] - 1min list size:720,maxHigh:105.16492255875,minLow:100.4722525
2019-07-23 09:08:28,824 INFO[org.cyanspring.tools.service.HistoricalDataService:422] - H_INDEX_LTCUSD_12H lset:{"c":103.78216337875,"h":105.16492255875,"kt":"2019-06-05 12:00","l":100.4722525,"o":103.27640428599999,"sc":"INDEX","sm":"LTCUSD","to":0.0,"ts":"2019-06-05 23:59:00.000","v":0.0}
2019-07-23 09:08:28,829 INFO[org.cyanspring.tools.service.HistoricalDataService:379] - left:46080,right:47519
2019-07-23 09:08:28,922 INFO[org.cyanspring.tools.service.HistoricalDataService:388] - 1min list size:1440,maxHigh:105.16492255875,minLow:99.984505065
2019-07-23 09:08:28,925 INFO[org.cyanspring.tools.service.HistoricalDataService:422] - H_INDEX_LTCUSD_D lset:{"c":103.78216337875,"h":105.16492255875,"kt":"2019-06-05 00:00","l":99.984505065,"o":101.99467761025001,"sc":"INDEX","sm":"LTCUSD","to":0.0,"ts":"2019-06-05 23:59:00.000","v":0.0}
2019-07-23 09:08:28,927 INFO[org.cyanspring.tools.service.HistoricalDataService:379] - left:40320,right:50399
2019-07-23 09:08:29,266 INFO[org.cyanspring.tools.service.HistoricalDataService:388] - 1min list size:10080,maxHigh:121.43676189166666,minLow:0.03
2019-07-23 09:08:29,269 INFO[org.cyanspring.tools.service.HistoricalDataService:422] - H_INDEX_LTCUSD_W lset:{"c":118.53490620000001,"h":121.43676189166666,"kt":"2019-06-03 00:00","l":0.03,"o":112.47172850549998,"sc":"INDEX","sm":"LTCUSD","to":0.0,"ts":"2019-06-08 23:59:00.000","v":0.0}
2019-07-23 09:08:29,272 INFO[org.cyanspring.tools.service.HistoricalDataService:379] - left:10079,right:53279
2019-07-23 09:08:30,421 INFO[org.cyanspring.tools.service.HistoricalDataService:388] - 1min list size:43201,maxHigh:146.80608752286668,minLow:0.03
2019-07-23 09:08:30,423 INFO[org.cyanspring.tools.service.HistoricalDataService:422] - H_INDEX_LTCUSD_MTH lset:{"c":120.17085532760001,"h":146.80608752286668,"kt":"2019-07-01 00:00","l":0.03,"o":121.76544833333334,"sc":"INDEX","sm":"LTCUSD","to":0.0,"ts":"2019-07-08 00:00:00.000","v":0.0}
2019-07-23 09:08:30,427 INFO[org.cyanspring.tools.service.HistoricalDataService:58] - 0.18581666666666666 minutes
2019-07-23 09:14:48,980 INFO[org.cyanspring.tools.service.HistoricalDataService:422] - H_INDEX_LTCUSD_1M lset:{"c":103.78216337875,"h":103.8661566145,"kt":"2019-06-05 23:59","l":0.03,"o":103.8661566145,"sc":"INDEX","sm":"LTCUSD","to":0.0,"ts":"2019-06-05 23:59:00.000","v":0.0}
2019-07-23 09:14:48,990 INFO[org.cyanspring.tools.service.HistoricalDataService:379] - left:46080,right:46082
2019-07-23 09:14:49,040 INFO[org.cyanspring.tools.service.HistoricalDataService:388] - 1min list size:3,maxHigh:103.93484635499999,minLow:103.66125207749998
2019-07-23 09:14:49,043 INFO[org.cyanspring.tools.service.HistoricalDataService:422] - H_INDEX_LTCUSD_3M lset:{"c":103.92705922333333,"h":103.93484635499999,"kt":"2019-06-05 22:57","l":103.500423093375,"o":103.66125207749998,"sc":"INDEX","sm":"LTCUSD","to":0.0,"ts":"2019-06-05 22:59:00.000","v":0.0}
2019-07-23 09:14:49,048 INFO[org.cyanspring.tools.service.HistoricalDataService:379] - left:46080,right:46084
2019-07-23 09:14:49,054 INFO[org.cyanspring.tools.service.HistoricalDataService:388] - 1min list size:5,maxHigh:103.93484635499999,minLow:103.500423093375
2019-07-23 09:14:49,057 INFO[org.cyanspring.tools.service.HistoricalDataService:422] - H_INDEX_LTCUSD_5M lset:{"c":103.92705922333333,"h":103.93484635499999,"kt":"2019-06-05 22:55","l":103.468700677625,"o":103.500423093375,"sc":"INDEX","sm":"LTCUSD","to":0.0,"ts":"2019-06-05 22:59:00.000","v":0.0}
2019-07-23 09:14:49,061 INFO[org.cyanspring.tools.service.HistoricalDataService:379] - left:46080,right:46089
2019-07-23 09:14:49,066 INFO[org.cyanspring.tools.service.HistoricalDataService:388] - 1min list size:10,maxHigh:103.93484635499999,minLow:103.46401726666666
2019-07-23 09:14:49,069 INFO[org.cyanspring.tools.service.HistoricalDataService:422] - H_INDEX_LTCUSD_10M lset:{"c":103.95633327916666,"h":104.27255283225,"kt":"2019-06-05 23:00","l":103.45626134333334,"o":103.92705922333333,"sc":"INDEX","sm":"LTCUSD","to":0.0,"ts":"2019-06-05 23:09:00.000","v":0.0}
2019-07-23 09:14:49,072 INFO[org.cyanspring.tools.service.HistoricalDataService:379] - left:46080,right:46094
2019-07-23 09:14:49,078 INFO[org.cyanspring.tools.service.HistoricalDataService:388] - 1min list size:15,maxHigh:103.93484635499999,minLow:103.38267661666664
2019-07-23 09:14:49,081 INFO[org.cyanspring.tools.service.HistoricalDataService:422] - H_INDEX_LTCUSD_15M lset:{"c":103.92705922333333,"h":103.93484635499999,"kt":"2019-06-05 22:45","l":103.38267661666664,"o":103.4563971,"sc":"INDEX","sm":"LTCUSD","to":0.0,"ts":"2019-06-05 22:59:00.000","v":0.0}
2019-07-23 09:14:49,084 INFO[org.cyanspring.tools.service.HistoricalDataService:379] - left:46080,right:46109
2019-07-23 09:14:49,093 INFO[org.cyanspring.tools.service.HistoricalDataService:388] - 1min list size:30,maxHigh:103.93484635499999,minLow:103.3245568875
2019-07-23 09:14:49,096 INFO[org.cyanspring.tools.service.HistoricalDataService:422] - H_INDEX_LTCUSD_30M lset:{"c":103.82492597749999,"h":104.27255283225,"kt":"2019-06-05 23:00","l":103.3245568875,"o":103.92705922333333,"sc":"INDEX","sm":"LTCUSD","to":0.0,"ts":"2019-06-05 23:29:00.000","v":0.0}
2019-07-23 09:14:49,100 INFO[org.cyanspring.tools.service.HistoricalDataService:379] - left:46080,right:46139
2019-07-23 09:14:49,114 INFO[org.cyanspring.tools.service.HistoricalDataService:388] - 1min list size:60,maxHigh:103.93484635499999,minLow:102.70494772625
2019-07-23 09:14:49,116 INFO[org.cyanspring.tools.service.HistoricalDataService:422] - H_INDEX_LTCUSD_1H lset:{"c":103.78216337875,"h":104.29726803625,"kt":"2019-06-05 23:00","l":102.70494772625,"o":103.92705922333333,"sc":"INDEX","sm":"LTCUSD","to":0.0,"ts":"2019-06-05 23:59:00.000","v":0.0}
2019-07-23 09:14:49,120 INFO[org.cyanspring.tools.service.HistoricalDataService:379] - left:46080,right:46199
2019-07-23 09:14:49,140 INFO[org.cyanspring.tools.service.HistoricalDataService:388] - 1min list size:120,maxHigh:103.93484635499999,minLow:101.84955840399999
2019-07-23 09:14:49,143 INFO[org.cyanspring.tools.service.HistoricalDataService:422] - H_INDEX_LTCUSD_2H lset:{"c":103.78216337875,"h":104.29726803625,"kt":"2019-06-05 22:00","l":101.84955840399999,"o":103.21139468249999,"sc":"INDEX","sm":"LTCUSD","to":0.0,"ts":"2019-06-05 23:59:00.000","v":0.0}
2019-07-23 09:14:49,148 INFO[org.cyanspring.tools.service.HistoricalDataService:379] - left:46080,right:46319
2019-07-23 09:14:49,222 INFO[org.cyanspring.tools.service.HistoricalDataService:388] - 1min list size:240,maxHigh:104.34189772583333,minLow:101.84955840399999
2019-07-23 09:14:49,225 INFO[org.cyanspring.tools.service.HistoricalDataService:422] - H_INDEX_LTCUSD_4H lset:{"c":103.78216337875,"h":104.34189772583333,"kt":"2019-06-05 20:00","l":101.84955840399999,"o":103.06530376799999,"sc":"INDEX","sm":"LTCUSD","to":0.0,"ts":"2019-06-05 23:59:00.000","v":0.0}
2019-07-23 09:14:49,231 INFO[org.cyanspring.tools.service.HistoricalDataService:379] - left:46080,right:46439
2019-07-23 09:14:49,315 INFO[org.cyanspring.tools.service.HistoricalDataService:388] - 1min list size:360,maxHigh:104.34189772583333,minLow:101.84097337975
2019-07-23 09:14:49,318 INFO[org.cyanspring.tools.service.HistoricalDataService:422] - H_INDEX_LTCUSD_6H lset:{"c":103.78216337875,"h":104.34189772583333,"kt":"2019-06-05 18:00","l":101.84097337975,"o":102.81970081899999,"sc":"INDEX","sm":"LTCUSD","to":0.0,"ts":"2019-06-05 23:59:00.000","v":0.0}
2019-07-23 09:14:49,321 INFO[org.cyanspring.tools.service.HistoricalDataService:379] - left:46080,right:46559
2019-07-23 09:14:49,344 INFO[org.cyanspring.tools.service.HistoricalDataService:388] - 1min list size:480,maxHigh:104.34189772583333,minLow:100.4722525
2019-07-23 09:14:49,346 INFO[org.cyanspring.tools.service.HistoricalDataService:422] - H_INDEX_LTCUSD_8H lset:{"c":103.78216337875,"h":104.34189772583333,"kt":"2019-06-05 16:00","l":100.4722525,"o":100.81574874583332,"sc":"INDEX","sm":"LTCUSD","to":0.0,"ts":"2019-06-05 23:59:00.000","v":0.0}
2019-07-23 09:14:49,349 INFO[org.cyanspring.tools.service.HistoricalDataService:379] - left:46080,right:46799
2019-07-23 09:14:49,397 INFO[org.cyanspring.tools.service.HistoricalDataService:388] - 1min list size:720,maxHigh:105.16492255875,minLow:100.4722525
2019-07-23 09:14:49,400 INFO[org.cyanspring.tools.service.HistoricalDataService:422] - H_INDEX_LTCUSD_12H lset:{"c":103.78216337875,"h":105.16492255875,"kt":"2019-06-05 12:00","l":100.4722525,"o":103.27640428599999,"sc":"INDEX","sm":"LTCUSD","to":0.0,"ts":"2019-06-05 23:59:00.000","v":0.0}
2019-07-23 09:14:49,403 INFO[org.cyanspring.tools.service.HistoricalDataService:379] - left:46080,right:47519
2019-07-23 09:14:49,528 INFO[org.cyanspring.tools.service.HistoricalDataService:388] - 1min list size:1440,maxHigh:105.16492255875,minLow:99.984505065
2019-07-23 09:14:49,531 INFO[org.cyanspring.tools.service.HistoricalDataService:422] - H_INDEX_LTCUSD_D lset:{"c":103.78216337875,"h":105.16492255875,"kt":"2019-06-05 00:00","l":99.984505065,"o":101.99467761025001,"sc":"INDEX","sm":"LTCUSD","to":0.0,"ts":"2019-06-05 23:59:00.000","v":0.0}
2019-07-23 09:14:49,533 INFO[org.cyanspring.tools.service.HistoricalDataService:379] - left:40320,right:50399
2019-07-23 09:14:49,961 INFO[org.cyanspring.tools.service.HistoricalDataService:388] - 1min list size:10080,maxHigh:121.43676189166666,minLow:0.03
2019-07-23 09:14:49,961 INFO[org.cyanspring.tools.service.HistoricalDataService:422] - H_INDEX_LTCUSD_W lset:{"c":118.53490620000001,"h":121.43676189166666,"kt":"2019-06-03 00:00","l":0.03,"o":112.47172850549998,"sc":"INDEX","sm":"LTCUSD","to":0.0,"ts":"2019-06-08 23:59:00.000","v":0.0}
2019-07-23 09:14:49,961 INFO[org.cyanspring.tools.service.HistoricalDataService:379] - left:10079,right:53279
2019-07-23 09:14:51,042 INFO[org.cyanspring.tools.service.HistoricalDataService:388] - 1min list size:43201,maxHigh:146.80608752286668,minLow:0.03
2019-07-23 09:14:51,044 INFO[org.cyanspring.tools.service.HistoricalDataService:422] - H_INDEX_LTCUSD_MTH lset:{"c":120.17085532760001,"h":146.80608752286668,"kt":"2019-07-01 00:00","l":0.03,"o":121.76544833333334,"sc":"INDEX","sm":"LTCUSD","to":0.0,"ts":"2019-07-08 00:00:00.000","v":0.0}
2019-07-23 09:14:51,047 INFO[org.cyanspring.tools.service.HistoricalDataService:58] - 0.03911666666666667 minutes
2019-07-23 09:18:40,577 INFO[org.cyanspring.tools.service.HistoricalDataService:422] - H_INDEX_LTCUSD_1M lset:{"c":103.78216337875,"h":103.8661566145,"kt":"2019-06-05 23:59","l":0.03,"o":103.8661566145,"sc":"INDEX","sm":"LTCUSD","to":0.0,"ts":"2019-06-05 23:59:00.000","v":0.0}
2019-07-23 09:18:40,585 INFO[org.cyanspring.tools.service.HistoricalDataService:379] - left:46080,right:46082
2019-07-23 09:18:40,639 INFO[org.cyanspring.tools.service.HistoricalDataService:388] - 1min list size:3,maxHigh:103.93484635499999,minLow:103.66125207749998
2019-07-23 09:18:40,642 INFO[org.cyanspring.tools.service.HistoricalDataService:422] - H_INDEX_LTCUSD_3M lset:{"c":103.92705922333333,"h":103.93484635499999,"kt":"2019-06-05 22:57","l":103.500423093375,"o":103.66125207749998,"sc":"INDEX","sm":"LTCUSD","to":0.0,"ts":"2019-06-05 22:59:00.000","v":0.0}
2019-07-23 09:18:40,648 INFO[org.cyanspring.tools.service.HistoricalDataService:379] - left:46080,right:46084
2019-07-23 09:18:40,655 INFO[org.cyanspring.tools.service.HistoricalDataService:388] - 1min list size:5,maxHigh:103.93484635499999,minLow:103.500423093375
2019-07-23 09:18:40,658 INFO[org.cyanspring.tools.service.HistoricalDataService:422] - H_INDEX_LTCUSD_5M lset:{"c":103.92705922333333,"h":103.93484635499999,"kt":"2019-06-05 22:55","l":103.468700677625,"o":103.500423093375,"sc":"INDEX","sm":"LTCUSD","to":0.0,"ts":"2019-06-05 22:59:00.000","v":0.0}
2019-07-23 09:18:40,661 INFO[org.cyanspring.tools.service.HistoricalDataService:379] - left:46080,right:46089
2019-07-23 09:18:40,666 INFO[org.cyanspring.tools.service.HistoricalDataService:388] - 1min list size:10,maxHigh:103.93484635499999,minLow:103.46401726666666
2019-07-23 09:18:40,669 INFO[org.cyanspring.tools.service.HistoricalDataService:422] - H_INDEX_LTCUSD_10M lset:{"c":103.95633327916666,"h":104.27255283225,"kt":"2019-06-05 23:00","l":103.45626134333334,"o":103.92705922333333,"sc":"INDEX","sm":"LTCUSD","to":0.0,"ts":"2019-06-05 23:09:00.000","v":0.0}
2019-07-23 09:18:40,672 INFO[org.cyanspring.tools.service.HistoricalDataService:379] - left:46080,right:46094
2019-07-23 09:18:40,678 INFO[org.cyanspring.tools.service.HistoricalDataService:388] - 1min list size:15,maxHigh:103.93484635499999,minLow:103.38267661666664
2019-07-23 09:18:40,681 INFO[org.cyanspring.tools.service.HistoricalDataService:422] - H_INDEX_LTCUSD_15M lset:{"c":103.92705922333333,"h":103.93484635499999,"kt":"2019-06-05 22:45","l":103.38267661666664,"o":103.4563971,"sc":"INDEX","sm":"LTCUSD","to":0.0,"ts":"2019-06-05 22:59:00.000","v":0.0}
2019-07-23 09:18:40,683 INFO[org.cyanspring.tools.service.HistoricalDataService:379] - left:46080,right:46109
2019-07-23 09:18:40,692 INFO[org.cyanspring.tools.service.HistoricalDataService:388] - 1min list size:30,maxHigh:103.93484635499999,minLow:103.3245568875
2019-07-23 09:18:40,695 INFO[org.cyanspring.tools.service.HistoricalDataService:422] - H_INDEX_LTCUSD_30M lset:{"c":103.82492597749999,"h":104.27255283225,"kt":"2019-06-05 23:00","l":103.3245568875,"o":103.92705922333333,"sc":"INDEX","sm":"LTCUSD","to":0.0,"ts":"2019-06-05 23:29:00.000","v":0.0}
2019-07-23 09:18:40,698 INFO[org.cyanspring.tools.service.HistoricalDataService:379] - left:46080,right:46139
2019-07-23 09:18:40,713 INFO[org.cyanspring.tools.service.HistoricalDataService:388] - 1min list size:60,maxHigh:103.93484635499999,minLow:102.70494772625
2019-07-23 09:18:40,716 INFO[org.cyanspring.tools.service.HistoricalDataService:422] - H_INDEX_LTCUSD_1H lset:{"c":103.78216337875,"h":104.29726803625,"kt":"2019-06-05 23:00","l":102.70494772625,"o":103.92705922333333,"sc":"INDEX","sm":"LTCUSD","to":0.0,"ts":"2019-06-05 23:59:00.000","v":0.0}
2019-07-23 09:18:40,720 INFO[org.cyanspring.tools.service.HistoricalDataService:379] - left:46080,right:46199
2019-07-23 09:18:40,757 INFO[org.cyanspring.tools.service.HistoricalDataService:388] - 1min list size:120,maxHigh:103.93484635499999,minLow:101.84955840399999
2019-07-23 09:18:40,760 INFO[org.cyanspring.tools.service.HistoricalDataService:422] - H_INDEX_LTCUSD_2H lset:{"c":103.78216337875,"h":104.29726803625,"kt":"2019-06-05 22:00","l":101.84955840399999,"o":103.21139468249999,"sc":"INDEX","sm":"LTCUSD","to":0.0,"ts":"2019-06-05 23:59:00.000","v":0.0}
2019-07-23 09:18:40,763 INFO[org.cyanspring.tools.service.HistoricalDataService:379] - left:46080,right:46319
2019-07-23 09:18:40,822 INFO[org.cyanspring.tools.service.HistoricalDataService:388] - 1min list size:240,maxHigh:104.34189772583333,minLow:101.84955840399999
2019-07-23 09:18:40,825 INFO[org.cyanspring.tools.service.HistoricalDataService:422] - H_INDEX_LTCUSD_4H lset:{"c":103.78216337875,"h":104.34189772583333,"kt":"2019-06-05 20:00","l":101.84955840399999,"o":103.06530376799999,"sc":"INDEX","sm":"LTCUSD","to":0.0,"ts":"2019-06-05 23:59:00.000","v":0.0}
2019-07-23 09:18:40,829 INFO[org.cyanspring.tools.service.HistoricalDataService:379] - left:46080,right:46439
2019-07-23 09:18:40,865 INFO[org.cyanspring.tools.service.HistoricalDataService:388] - 1min list size:360,maxHigh:104.34189772583333,minLow:101.84097337975
2019-07-23 09:18:40,870 INFO[org.cyanspring.tools.service.HistoricalDataService:422] - H_INDEX_LTCUSD_6H lset:{"c":103.78216337875,"h":104.34189772583333,"kt":"2019-06-05 18:00","l":101.84097337975,"o":102.81970081899999,"sc":"INDEX","sm":"LTCUSD","to":0.0,"ts":"2019-06-05 23:59:00.000","v":0.0}
2019-07-23 09:18:40,878 INFO[org.cyanspring.tools.service.HistoricalDataService:379] - left:46080,right:46559
2019-07-23 09:18:40,923 INFO[org.cyanspring.tools.service.HistoricalDataService:388] - 1min list size:480,maxHigh:104.34189772583333,minLow:100.4722525
2019-07-23 09:18:40,932 INFO[org.cyanspring.tools.service.HistoricalDataService:422] - H_INDEX_LTCUSD_8H lset:{"c":103.78216337875,"h":104.34189772583333,"kt":"2019-06-05 16:00","l":100.4722525,"o":100.81574874583332,"sc":"INDEX","sm":"LTCUSD","to":0.0,"ts":"2019-06-05 23:59:00.000","v":0.0}
2019-07-23 09:18:40,935 INFO[org.cyanspring.tools.service.HistoricalDataService:379] - left:46080,right:46799
2019-07-23 09:18:40,985 INFO[org.cyanspring.tools.service.HistoricalDataService:388] - 1min list size:720,maxHigh:105.16492255875,minLow:100.4722525
2019-07-23 09:18:40,988 INFO[org.cyanspring.tools.service.HistoricalDataService:422] - H_INDEX_LTCUSD_12H lset:{"c":103.78216337875,"h":105.16492255875,"kt":"2019-06-05 12:00","l":100.4722525,"o":103.27640428599999,"sc":"INDEX","sm":"LTCUSD","to":0.0,"ts":"2019-06-05 23:59:00.000","v":0.0}
2019-07-23 09:18:40,990 INFO[org.cyanspring.tools.service.HistoricalDataService:379] - left:46080,right:47519
2019-07-23 09:18:41,148 INFO[org.cyanspring.tools.service.HistoricalDataService:388] - 1min list size:1440,maxHigh:105.16492255875,minLow:99.984505065
2019-07-23 09:18:41,151 INFO[org.cyanspring.tools.service.HistoricalDataService:422] - H_INDEX_LTCUSD_D lset:{"c":103.78216337875,"h":105.16492255875,"kt":"2019-06-05 00:00","l":99.984505065,"o":101.99467761025001,"sc":"INDEX","sm":"LTCUSD","to":0.0,"ts":"2019-06-05 23:59:00.000","v":0.0}
2019-07-23 09:18:41,154 INFO[org.cyanspring.tools.service.HistoricalDataService:379] - left:40320,right:50399
2019-07-23 09:18:41,619 INFO[org.cyanspring.tools.service.HistoricalDataService:388] - 1min list size:10080,maxHigh:121.43676189166666,minLow:0.03
2019-07-23 09:18:41,623 INFO[org.cyanspring.tools.service.HistoricalDataService:422] - H_INDEX_LTCUSD_W lset:{"c":118.53490620000001,"h":121.43676189166666,"kt":"2019-06-03 00:00","l":0.03,"o":112.47172850549998,"sc":"INDEX","sm":"LTCUSD","to":0.0,"ts":"2019-06-08 23:59:00.000","v":0.0}
2019-07-23 09:18:41,625 INFO[org.cyanspring.tools.service.HistoricalDataService:379] - left:10080,right:53279
2019-07-23 09:18:42,734 INFO[org.cyanspring.tools.service.HistoricalDataService:388] - 1min list size:43200,maxHigh:146.80608752286668,minLow:0.03
2019-07-23 09:18:42,737 INFO[org.cyanspring.tools.service.HistoricalDataService:422] - H_INDEX_LTCUSD_MTH lset:{"c":120.17085532760001,"h":146.80608752286668,"kt":"2019-07-01 00:00","l":0.03,"o":121.76544833333334,"sc":"INDEX","sm":"LTCUSD","to":0.0,"ts":"2019-07-08 00:00:00.000","v":0.0}
2019-07-23 09:18:42,740 INFO[org.cyanspring.tools.service.HistoricalDataService:58] - 0.041883333333333335 minutes
2019-07-23 09:19:35,588 INFO[org.cyanspring.tools.service.HistoricalDataService:422] - H_INDEX_LTCUSD_1M lset:{"c":103.78216337875,"h":103.8661566145,"kt":"2019-06-05 23:59","l":0.03,"o":103.8661566145,"sc":"INDEX","sm":"LTCUSD","to":0.0,"ts":"2019-06-05 23:59:00.000","v":0.0}
2019-07-23 09:19:46,498 INFO[org.cyanspring.tools.service.HistoricalDataService:379] - left:46080,right:46082
2019-07-23 09:19:46,551 INFO[org.cyanspring.tools.service.HistoricalDataService:388] - 1min list size:3,maxHigh:103.93484635499999,minLow:103.66125207749998
2019-07-23 09:19:46,554 INFO[org.cyanspring.tools.service.HistoricalDataService:422] - H_INDEX_LTCUSD_3M lset:{"c":103.92705922333333,"h":103.93484635499999,"kt":"2019-06-05 22:57","l":103.500423093375,"o":103.66125207749998,"sc":"INDEX","sm":"LTCUSD","to":0.0,"ts":"2019-06-05 22:59:00.000","v":0.0}
2019-07-23 09:21:07,573 INFO[org.cyanspring.tools.service.HistoricalDataService:379] - left:46080,right:46084
2019-07-23 09:21:07,581 INFO[org.cyanspring.tools.service.HistoricalDataService:388] - 1min list size:5,maxHigh:103.93484635499999,minLow:103.500423093375
2019-07-23 09:21:07,584 INFO[org.cyanspring.tools.service.HistoricalDataService:422] - H_INDEX_LTCUSD_5M lset:{"c":103.92705922333333,"h":103.93484635499999,"kt":"2019-06-05 22:55","l":103.468700677625,"o":103.500423093375,"sc":"INDEX","sm":"LTCUSD","to":0.0,"ts":"2019-06-05 22:59:00.000","v":0.0}
2019-07-23 09:22:33,819 INFO[org.cyanspring.tools.service.HistoricalDataService:422] - H_INDEX_LTCUSD_1M lset:{"c":103.78216337875,"h":103.8661566145,"kt":"2019-06-05 23:59","l":0.03,"o":103.8661566145,"sc":"INDEX","sm":"LTCUSD","to":0.0,"ts":"2019-06-05 23:59:00.000","v":0.0}
2019-07-23 09:22:36,317 INFO[org.cyanspring.tools.service.HistoricalDataService:379] - left:46080,right:46082
2019-07-23 09:23:02,335 INFO[org.cyanspring.tools.service.HistoricalDataService:388] - 1min list size:3,maxHigh:103.93484635499999,minLow:103.66125207749998
2019-07-23 09:23:02,338 INFO[org.cyanspring.tools.service.HistoricalDataService:422] - H_INDEX_LTCUSD_3M lset:{"c":103.92705922333333,"h":103.93484635499999,"kt":"2019-06-05 22:57","l":103.500423093375,"o":103.66125207749998,"sc":"INDEX","sm":"LTCUSD","to":0.0,"ts":"2019-06-05 22:59:00.000","v":0.0}
2019-07-23 09:23:18,444 INFO[org.cyanspring.tools.service.HistoricalDataService:379] - left:46080,right:46084
2019-07-23 09:23:59,747 INFO[org.cyanspring.tools.service.HistoricalDataService:388] - 1min list size:5,maxHigh:103.93484635499999,minLow:103.500423093375
2019-07-23 09:23:59,747 INFO[org.cyanspring.tools.service.HistoricalDataService:422] - H_INDEX_LTCUSD_5M lset:{"c":103.92705922333333,"h":103.93484635499999,"kt":"2019-06-05 22:55","l":103.468700677625,"o":103.500423093375,"sc":"INDEX","sm":"LTCUSD","to":0.0,"ts":"2019-06-05 22:59:00.000","v":0.0}
2019-07-23 09:24:01,979 INFO[org.cyanspring.tools.service.HistoricalDataService:379] - left:46080,right:46089
2019-07-23 09:24:41,032 INFO[org.cyanspring.tools.service.HistoricalDataService:388] - 1min list size:10,maxHigh:103.93484635499999,minLow:103.46401726666666
2019-07-23 09:24:41,032 INFO[org.cyanspring.tools.service.HistoricalDataService:422] - H_INDEX_LTCUSD_10M lset:{"c":103.95633327916666,"h":104.27255283225,"kt":"2019-06-05 23:00","l":103.45626134333334,"o":103.92705922333333,"sc":"INDEX","sm":"LTCUSD","to":0.0,"ts":"2019-06-05 23:09:00.000","v":0.0}
2019-07-23 09:24:41,032 INFO[org.cyanspring.tools.service.HistoricalDataService:379] - left:46080,right:46094
2019-07-23 09:24:42,562 INFO[org.cyanspring.tools.service.HistoricalDataService:388] - 1min list size:15,maxHigh:103.93484635499999,minLow:103.38267661666664
2019-07-23 09:24:42,572 INFO[org.cyanspring.tools.service.HistoricalDataService:422] - H_INDEX_LTCUSD_15M lset:{"c":103.92705922333333,"h":103.93484635499999,"kt":"2019-06-05 22:45","l":103.38267661666664,"o":103.4563971,"sc":"INDEX","sm":"LTCUSD","to":0.0,"ts":"2019-06-05 22:59:00.000","v":0.0}
2019-07-23 09:24:42,572 INFO[org.cyanspring.tools.service.HistoricalDataService:379] - left:46080,right:46109
2019-07-23 09:24:44,192 INFO[org.cyanspring.tools.service.HistoricalDataService:388] - 1min list size:30,maxHigh:103.93484635499999,minLow:103.3245568875
2019-07-23 09:24:44,192 INFO[org.cyanspring.tools.service.HistoricalDataService:422] - H_INDEX_LTCUSD_30M lset:{"c":103.82492597749999,"h":104.27255283225,"kt":"2019-06-05 23:00","l":103.3245568875,"o":103.92705922333333,"sc":"INDEX","sm":"LTCUSD","to":0.0,"ts":"2019-06-05 23:29:00.000","v":0.0}
2019-07-23 09:24:44,202 INFO[org.cyanspring.tools.service.HistoricalDataService:379] - left:46080,right:46139
2019-07-23 09:24:46,132 INFO[org.cyanspring.tools.service.HistoricalDataService:388] - 1min list size:60,maxHigh:103.93484635499999,minLow:102.70494772625
2019-07-23 09:24:46,132 INFO[org.cyanspring.tools.service.HistoricalDataService:422] - H_INDEX_LTCUSD_1H lset:{"c":103.78216337875,"h":104.29726803625,"kt":"2019-06-05 23:00","l":102.70494772625,"o":103.92705922333333,"sc":"INDEX","sm":"LTCUSD","to":0.0,"ts":"2019-06-05 23:59:00.000","v":0.0}
2019-07-23 09:24:46,132 INFO[org.cyanspring.tools.service.HistoricalDataService:379] - left:46080,right:46199
2019-07-23 09:24:47,572 INFO[org.cyanspring.tools.service.HistoricalDataService:388] - 1min list size:120,maxHigh:103.93484635499999,minLow:101.84955840399999
2019-07-23 09:24:47,572 INFO[org.cyanspring.tools.service.HistoricalDataService:422] - H_INDEX_LTCUSD_2H lset:{"c":103.78216337875,"h":104.29726803625,"kt":"2019-06-05 22:00","l":101.84955840399999,"o":103.21139468249999,"sc":"INDEX","sm":"LTCUSD","to":0.0,"ts":"2019-06-05 23:59:00.000","v":0.0}
2019-07-23 09:24:47,582 INFO[org.cyanspring.tools.service.HistoricalDataService:379] - left:46080,right:46319
2019-07-23 09:24:48,272 INFO[org.cyanspring.tools.service.HistoricalDataService:388] - 1min list size:240,maxHigh:104.34189772583333,minLow:101.84955840399999
2019-07-23 09:24:48,282 INFO[org.cyanspring.tools.service.HistoricalDataService:422] - H_INDEX_LTCUSD_4H lset:{"c":103.78216337875,"h":104.34189772583333,"kt":"2019-06-05 20:00","l":101.84955840399999,"o":103.06530376799999,"sc":"INDEX","sm":"LTCUSD","to":0.0,"ts":"2019-06-05 23:59:00.000","v":0.0}
2019-07-23 09:24:48,282 INFO[org.cyanspring.tools.service.HistoricalDataService:379] - left:46080,right:46439
2019-07-23 09:24:48,842 INFO[org.cyanspring.tools.service.HistoricalDataService:388] - 1min list size:360,maxHigh:104.34189772583333,minLow:101.84097337975
2019-07-23 09:24:48,842 INFO[org.cyanspring.tools.service.HistoricalDataService:422] - H_INDEX_LTCUSD_6H lset:{"c":103.78216337875,"h":104.34189772583333,"kt":"2019-06-05 18:00","l":101.84097337975,"o":102.81970081899999,"sc":"INDEX","sm":"LTCUSD","to":0.0,"ts":"2019-06-05 23:59:00.000","v":0.0}
2019-07-23 09:24:48,852 INFO[org.cyanspring.tools.service.HistoricalDataService:379] - left:46080,right:46559
2019-07-23 09:24:49,422 INFO[org.cyanspring.tools.service.HistoricalDataService:388] - 1min list size:480,maxHigh:104.34189772583333,minLow:100.4722525
2019-07-23 09:24:49,422 INFO[org.cyanspring.tools.service.HistoricalDataService:422] - H_INDEX_LTCUSD_8H lset:{"c":103.78216337875,"h":104.34189772583333,"kt":"2019-06-05 16:00","l":100.4722525,"o":100.81574874583332,"sc":"INDEX","sm":"LTCUSD","to":0.0,"ts":"2019-06-05 23:59:00.000","v":0.0}
2019-07-23 09:24:49,422 INFO[org.cyanspring.tools.service.HistoricalDataService:379] - left:46080,right:46799
2019-07-23 09:24:50,048 INFO[org.cyanspring.tools.service.HistoricalDataService:388] - 1min list size:720,maxHigh:105.16492255875,minLow:100.4722525
2019-07-23 09:24:50,051 INFO[org.cyanspring.tools.service.HistoricalDataService:422] - H_INDEX_LTCUSD_12H lset:{"c":103.78216337875,"h":105.16492255875,"kt":"2019-06-05 12:00","l":100.4722525,"o":103.27640428599999,"sc":"INDEX","sm":"LTCUSD","to":0.0,"ts":"2019-06-05 23:59:00.000","v":0.0}
2019-07-23 09:24:50,053 INFO[org.cyanspring.tools.service.HistoricalDataService:379] - left:46080,right:47519
2019-07-23 09:24:50,634 INFO[org.cyanspring.tools.service.HistoricalDataService:388] - 1min list size:1440,maxHigh:105.16492255875,minLow:99.984505065
2019-07-23 09:24:50,644 INFO[org.cyanspring.tools.service.HistoricalDataService:422] - H_INDEX_LTCUSD_D lset:{"c":103.78216337875,"h":105.16492255875,"kt":"2019-06-05 00:00","l":99.984505065,"o":101.99467761025001,"sc":"INDEX","sm":"LTCUSD","to":0.0,"ts":"2019-06-05 23:59:00.000","v":0.0}
2019-07-23 09:24:50,644 INFO[org.cyanspring.tools.service.HistoricalDataService:379] - left:40320,right:50399
2019-07-23 09:24:51,804 INFO[org.cyanspring.tools.service.HistoricalDataService:388] - 1min list size:10080,maxHigh:121.43676189166666,minLow:0.03
2019-07-23 09:24:51,804 INFO[org.cyanspring.tools.service.HistoricalDataService:422] - H_INDEX_LTCUSD_W lset:{"c":118.53490620000001,"h":121.43676189166666,"kt":"2019-06-03 00:00","l":0.03,"o":112.47172850549998,"sc":"INDEX","sm":"LTCUSD","to":0.0,"ts":"2019-06-08 23:59:00.000","v":0.0}
2019-07-23 09:24:51,804 INFO[org.cyanspring.tools.service.HistoricalDataService:379] - left:10080,right:53279
2019-07-23 09:24:55,553 INFO[org.cyanspring.tools.service.HistoricalDataService:388] - 1min list size:43200,maxHigh:146.80608752286668,minLow:0.03
2019-07-23 09:24:55,553 INFO[org.cyanspring.tools.service.HistoricalDataService:422] - H_INDEX_LTCUSD_MTH lset:{"c":120.17085532760001,"h":146.80608752286668,"kt":"2019-07-01 00:00","l":0.03,"o":121.76544833333334,"sc":"INDEX","sm":"LTCUSD","to":0.0,"ts":"2019-07-08 00:00:00.000","v":0.0}
2019-07-23 09:24:55,563 INFO[org.cyanspring.tools.service.HistoricalDataService:58] - 2.3680000000000003 minutes
2019-07-23 09:25:48,264 INFO[org.cyanspring.tools.service.HistoricalDataService:422] - H_INDEX_LTCUSD_1M lset:{"c":103.78216337875,"h":103.8661566145,"kt":"2019-06-05 23:59","l":0.03,"o":103.8661566145,"sc":"INDEX","sm":"LTCUSD","to":0.0,"ts":"2019-06-05 23:59:00.000","v":0.0}
2019-07-23 09:25:48,271 INFO[org.cyanspring.tools.service.HistoricalDataService:379] - left:46080,right:46082
2019-07-23 09:25:49,323 INFO[org.cyanspring.tools.service.HistoricalDataService:388] - 1min list size:3,maxHigh:103.93484635499999,minLow:103.66125207749998
2019-07-23 09:25:49,333 INFO[org.cyanspring.tools.service.HistoricalDataService:422] - H_INDEX_LTCUSD_3M lset:{"c":103.92705922333333,"h":103.93484635499999,"kt":"2019-06-05 22:57","l":103.500423093375,"o":103.66125207749998,"sc":"INDEX","sm":"LTCUSD","to":0.0,"ts":"2019-06-05 22:59:00.000","v":0.0}
2019-07-23 09:25:49,333 INFO[org.cyanspring.tools.service.HistoricalDataService:379] - left:46080,right:46084
2019-07-23 09:25:49,573 INFO[org.cyanspring.tools.service.HistoricalDataService:388] - 1min list size:5,maxHigh:103.93484635499999,minLow:103.500423093375
2019-07-23 09:25:49,573 INFO[org.cyanspring.tools.service.HistoricalDataService:422] - H_INDEX_LTCUSD_5M lset:{"c":103.92705922333333,"h":103.93484635499999,"kt":"2019-06-05 22:55","l":103.468700677625,"o":103.500423093375,"sc":"INDEX","sm":"LTCUSD","to":0.0,"ts":"2019-06-05 22:59:00.000","v":0.0}
2019-07-23 09:25:49,573 INFO[org.cyanspring.tools.service.HistoricalDataService:379] - left:46080,right:46089
2019-07-23 09:25:49,773 INFO[org.cyanspring.tools.service.HistoricalDataService:388] - 1min list size:10,maxHigh:103.93484635499999,minLow:103.46401726666666
2019-07-23 09:25:49,773 INFO[org.cyanspring.tools.service.HistoricalDataService:422] - H_INDEX_LTCUSD_10M lset:{"c":103.95633327916666,"h":104.27255283225,"kt":"2019-06-05 23:00","l":103.45626134333334,"o":103.92705922333333,"sc":"INDEX","sm":"LTCUSD","to":0.0,"ts":"2019-06-05 23:09:00.000","v":0.0}
2019-07-23 09:25:49,773 INFO[org.cyanspring.tools.service.HistoricalDataService:379] - left:46080,right:46094
2019-07-23 09:25:49,973 INFO[org.cyanspring.tools.service.HistoricalDataService:388] - 1min list size:15,maxHigh:103.93484635499999,minLow:103.38267661666664
2019-07-23 09:25:49,976 INFO[org.cyanspring.tools.service.HistoricalDataService:422] - H_INDEX_LTCUSD_15M lset:{"c":103.92705922333333,"h":103.93484635499999,"kt":"2019-06-05 22:45","l":103.38267661666664,"o":103.4563971,"sc":"INDEX","sm":"LTCUSD","to":0.0,"ts":"2019-06-05 22:59:00.000","v":0.0}
2019-07-23 09:25:49,979 INFO[org.cyanspring.tools.service.HistoricalDataService:379] - left:46080,right:46109
2019-07-23 09:25:51,162 INFO[org.cyanspring.tools.service.HistoricalDataService:388] - 1min list size:30,maxHigh:103.93484635499999,minLow:103.3245568875
2019-07-23 09:25:51,162 INFO[org.cyanspring.tools.service.HistoricalDataService:422] - H_INDEX_LTCUSD_30M lset:{"c":103.82492597749999,"h":104.27255283225,"kt":"2019-06-05 23:00","l":103.3245568875,"o":103.92705922333333,"sc":"INDEX","sm":"LTCUSD","to":0.0,"ts":"2019-06-05 23:29:00.000","v":0.0}
2019-07-23 09:25:51,162 INFO[org.cyanspring.tools.service.HistoricalDataService:379] - left:46080,right:46139
2019-07-23 09:25:51,422 INFO[org.cyanspring.tools.service.HistoricalDataService:388] - 1min list size:60,maxHigh:103.93484635499999,minLow:102.70494772625
2019-07-23 09:25:51,422 INFO[org.cyanspring.tools.service.HistoricalDataService:422] - H_INDEX_LTCUSD_1H lset:{"c":103.78216337875,"h":104.29726803625,"kt":"2019-06-05 23:00","l":102.70494772625,"o":103.92705922333333,"sc":"INDEX","sm":"LTCUSD","to":0.0,"ts":"2019-06-05 23:59:00.000","v":0.0}
2019-07-23 09:25:51,422 INFO[org.cyanspring.tools.service.HistoricalDataService:379] - left:46080,right:46199
2019-07-23 09:25:51,612 INFO[org.cyanspring.tools.service.HistoricalDataService:388] - 1min list size:120,maxHigh:103.93484635499999,minLow:101.84955840399999
2019-07-23 09:25:51,612 INFO[org.cyanspring.tools.service.HistoricalDataService:422] - H_INDEX_LTCUSD_2H lset:{"c":103.78216337875,"h":104.29726803625,"kt":"2019-06-05 22:00","l":101.84955840399999,"o":103.21139468249999,"sc":"INDEX","sm":"LTCUSD","to":0.0,"ts":"2019-06-05 23:59:00.000","v":0.0}
2019-07-23 09:25:51,612 INFO[org.cyanspring.tools.service.HistoricalDataService:379] - left:46080,right:46319
2019-07-23 09:25:51,792 INFO[org.cyanspring.tools.service.HistoricalDataService:388] - 1min list size:240,maxHigh:104.34189772583333,minLow:101.84955840399999
2019-07-23 09:25:51,792 INFO[org.cyanspring.tools.service.HistoricalDataService:422] - H_INDEX_LTCUSD_4H lset:{"c":103.78216337875,"h":104.34189772583333,"kt":"2019-06-05 20:00","l":101.84955840399999,"o":103.06530376799999,"sc":"INDEX","sm":"LTCUSD","to":0.0,"ts":"2019-06-05 23:59:00.000","v":0.0}
2019-07-23 09:25:51,792 INFO[org.cyanspring.tools.service.HistoricalDataService:379] - left:46080,right:46439
2019-07-23 09:25:52,452 INFO[org.cyanspring.tools.service.HistoricalDataService:388] - 1min list size:360,maxHigh:104.34189772583333,minLow:101.84097337975
2019-07-23 09:25:52,452 INFO[org.cyanspring.tools.service.HistoricalDataService:422] - H_INDEX_LTCUSD_6H lset:{"c":103.78216337875,"h":104.34189772583333,"kt":"2019-06-05 18:00","l":101.84097337975,"o":102.81970081899999,"sc":"INDEX","sm":"LTCUSD","to":0.0,"ts":"2019-06-05 23:59:00.000","v":0.0}
2019-07-23 09:25:52,452 INFO[org.cyanspring.tools.service.HistoricalDataService:379] - left:46080,right:46559
2019-07-23 09:25:52,662 INFO[org.cyanspring.tools.service.HistoricalDataService:388] - 1min list size:480,maxHigh:104.34189772583333,minLow:100.4722525
2019-07-23 09:25:52,672 INFO[org.cyanspring.tools.service.HistoricalDataService:422] - H_INDEX_LTCUSD_8H lset:{"c":103.78216337875,"h":104.34189772583333,"kt":"2019-06-05 16:00","l":100.4722525,"o":100.81574874583332,"sc":"INDEX","sm":"LTCUSD","to":0.0,"ts":"2019-06-05 23:59:00.000","v":0.0}
2019-07-23 09:25:52,672 INFO[org.cyanspring.tools.service.HistoricalDataService:379] - left:46080,right:46799
2019-07-23 09:25:52,832 INFO[org.cyanspring.tools.service.HistoricalDataService:388] - 1min list size:720,maxHigh:105.16492255875,minLow:100.4722525
2019-07-23 09:25:52,832 INFO[org.cyanspring.tools.service.HistoricalDataService:422] - H_INDEX_LTCUSD_12H lset:{"c":103.78216337875,"h":105.16492255875,"kt":"2019-06-05 12:00","l":100.4722525,"o":103.27640428599999,"sc":"INDEX","sm":"LTCUSD","to":0.0,"ts":"2019-06-05 23:59:00.000","v":0.0}
2019-07-23 09:25:52,832 INFO[org.cyanspring.tools.service.HistoricalDataService:379] - left:46080,right:47519
2019-07-23 09:25:53,082 INFO[org.cyanspring.tools.service.HistoricalDataService:388] - 1min list size:1440,maxHigh:105.16492255875,minLow:99.984505065
2019-07-23 09:25:53,082 INFO[org.cyanspring.tools.service.HistoricalDataService:422] - H_INDEX_LTCUSD_D lset:{"c":103.78216337875,"h":105.16492255875,"kt":"2019-06-05 00:00","l":99.984505065,"o":101.99467761025001,"sc":"INDEX","sm":"LTCUSD","to":0.0,"ts":"2019-06-05 23:59:00.000","v":0.0}
2019-07-23 09:25:53,092 INFO[org.cyanspring.tools.service.HistoricalDataService:379] - left:40320,right:50399
2019-07-23 09:25:54,712 INFO[org.cyanspring.tools.service.HistoricalDataService:388] - 1min list size:10080,maxHigh:121.43676189166666,minLow:0.03
2019-07-23 09:25:54,712 INFO[org.cyanspring.tools.service.HistoricalDataService:422] - H_INDEX_LTCUSD_W lset:{"c":118.53490620000001,"h":121.43676189166666,"kt":"2019-06-03 00:00","l":0.03,"o":112.47172850549998,"sc":"INDEX","sm":"LTCUSD","to":0.0,"ts":"2019-06-08 23:59:00.000","v":0.0}
2019-07-23 09:25:54,722 INFO[org.cyanspring.tools.service.HistoricalDataService:379] - left:10080,right:53279
2019-07-23 09:38:53,192 INFO[org.cyanspring.tools.service.HistoricalDataService:425] - H_INDEX_LTCUSD_1M lset:{"c":103.78216337875,"h":103.8661566145,"kt":"2019-06-05 23:59","l":0.03,"o":103.8661566145,"sc":"INDEX","sm":"LTCUSD","to":0.0,"ts":"2019-06-05 23:59:00.000","v":0.0}
2019-07-23 09:39:21,317 INFO[org.cyanspring.tools.service.HistoricalDataService:380] - left:45931,right:46233
2019-07-23 09:39:41,946 INFO[org.cyanspring.tools.service.HistoricalDataService:425] - H_INDEX_LTCUSD_1M lset:{"c":103.78216337875,"h":103.8661566145,"kt":"2019-06-05 23:59","l":0.03,"o":103.8661566145,"sc":"INDEX","sm":"LTCUSD","to":0.0,"ts":"2019-06-05 23:59:00.000","v":0.0}
2019-07-23 09:39:41,955 INFO[org.cyanspring.tools.service.HistoricalDataService:380] - left:45931,right:46233
2019-07-23 09:41:17,526 INFO[org.cyanspring.tools.service.HistoricalDataService:391] - 1min list size:3,maxHigh:103.95446521225,minLow:0.03
2019-07-23 09:41:17,536 INFO[org.cyanspring.tools.service.HistoricalDataService:425] - H_INDEX_LTCUSD_3M lset:{"c":103.92705922333333,"h":103.95446521225,"kt":"2019-06-05 22:57","l":0.03,"o":103.66125207749998,"sc":"INDEX","sm":"LTCUSD","to":0.0,"ts":"2019-06-05 22:59:00.000","v":0.0}
2019-07-23 09:41:17,536 INFO[org.cyanspring.tools.service.HistoricalDataService:380] - left:45931,right:46235
2019-07-23 09:41:17,576 INFO[org.cyanspring.tools.service.HistoricalDataService:391] - 1min list size:5,maxHigh:103.95446521225,minLow:0.03
2019-07-23 09:41:17,576 INFO[org.cyanspring.tools.service.HistoricalDataService:425] - H_INDEX_LTCUSD_5M lset:{"c":103.92705922333333,"h":103.95446521225,"kt":"2019-06-05 22:55","l":0.03,"o":103.500423093375,"sc":"INDEX","sm":"LTCUSD","to":0.0,"ts":"2019-06-05 22:59:00.000","v":0.0}
2019-07-23 09:41:17,586 INFO[org.cyanspring.tools.service.HistoricalDataService:380] - left:45931,right:46240
2019-07-23 09:41:24,778 INFO[org.cyanspring.tools.service.HistoricalDataService:425] - H_INDEX_LTCUSD_1M lset:{"c":103.78216337875,"h":103.8661566145,"kt":"2019-06-05 23:59","l":0.03,"o":103.8661566145,"sc":"INDEX","sm":"LTCUSD","to":0.0,"ts":"2019-06-05 23:59:00.000","v":0.0}
2019-07-23 09:41:24,788 INFO[org.cyanspring.tools.service.HistoricalDataService:380] - left:45931,right:46233
2019-07-23 09:41:24,974 INFO[org.cyanspring.tools.service.HistoricalDataService:391] - 1min list size:3,maxHigh:103.95446521225,minLow:0.03
2019-07-23 09:41:24,977 INFO[org.cyanspring.tools.service.HistoricalDataService:425] - H_INDEX_LTCUSD_3M lset:{"c":103.92705922333333,"h":103.95446521225,"kt":"2019-06-05 22:57","l":0.03,"o":103.66125207749998,"sc":"INDEX","sm":"LTCUSD","to":0.0,"ts":"2019-06-05 22:59:00.000","v":0.0}
2019-07-23 09:41:24,980 INFO[org.cyanspring.tools.service.HistoricalDataService:380] - left:45931,right:46235
2019-07-23 09:41:25,040 INFO[org.cyanspring.tools.service.HistoricalDataService:391] - 1min list size:5,maxHigh:103.95446521225,minLow:0.03
2019-07-23 09:41:25,044 INFO[org.cyanspring.tools.service.HistoricalDataService:425] - H_INDEX_LTCUSD_5M lset:{"c":103.92705922333333,"h":103.95446521225,"kt":"2019-06-05 22:55","l":0.03,"o":103.500423093375,"sc":"INDEX","sm":"LTCUSD","to":0.0,"ts":"2019-06-05 22:59:00.000","v":0.0}
2019-07-23 09:41:25,050 INFO[org.cyanspring.tools.service.HistoricalDataService:380] - left:45931,right:46240
2019-07-23 09:41:25,159 INFO[org.cyanspring.tools.service.HistoricalDataService:391] - 1min list size:10,maxHigh:104.00481984999999,minLow:0.03
2019-07-23 09:41:25,192 INFO[org.cyanspring.tools.service.HistoricalDataService:425] - H_INDEX_LTCUSD_10M lset:{"c":103.95633327916666,"h":104.27255283225,"kt":"2019-06-05 23:00","l":0.03,"o":103.92705922333333,"sc":"INDEX","sm":"LTCUSD","to":0.0,"ts":"2019-06-05 23:09:00.000","v":0.0}
2019-07-23 09:41:25,195 INFO[org.cyanspring.tools.service.HistoricalDataService:380] - left:45931,right:46245
2019-07-23 09:41:25,217 INFO[org.cyanspring.tools.service.HistoricalDataService:391] - 1min list size:15,maxHigh:104.29726803625,minLow:0.03
2019-07-23 09:41:25,228 INFO[org.cyanspring.tools.service.HistoricalDataService:425] - H_INDEX_LTCUSD_15M lset:{"c":103.92705922333333,"h":104.29726803625,"kt":"2019-06-05 22:45","l":0.03,"o":103.4563971,"sc":"INDEX","sm":"LTCUSD","to":0.0,"ts":"2019-06-05 22:59:00.000","v":0.0}
2019-07-23 09:41:25,232 INFO[org.cyanspring.tools.service.HistoricalDataService:380] - left:45931,right:46260
2019-07-23 09:41:25,252 INFO[org.cyanspring.tools.service.HistoricalDataService:391] - 1min list size:30,maxHigh:104.29726803625,minLow:0.03
2019-07-23 09:41:25,256 INFO[org.cyanspring.tools.service.HistoricalDataService:425] - H_INDEX_LTCUSD_30M lset:{"c":103.82492597749999,"h":104.29726803625,"kt":"2019-06-05 23:00","l":0.03,"o":103.92705922333333,"sc":"INDEX","sm":"LTCUSD","to":0.0,"ts":"2019-06-05 23:29:00.000","v":0.0}
2019-07-23 09:41:25,261 INFO[org.cyanspring.tools.service.HistoricalDataService:380] - left:45931,right:46290
2019-07-23 09:41:25,283 INFO[org.cyanspring.tools.service.HistoricalDataService:391] - 1min list size:60,maxHigh:104.29726803625,minLow:0.03
2019-07-23 09:41:25,287 INFO[org.cyanspring.tools.service.HistoricalDataService:425] - H_INDEX_LTCUSD_1H lset:{"c":103.78216337875,"h":104.29726803625,"kt":"2019-06-05 23:00","l":0.03,"o":103.92705922333333,"sc":"INDEX","sm":"LTCUSD","to":0.0,"ts":"2019-06-05 23:59:00.000","v":0.0}
2019-07-23 09:41:25,289 INFO[org.cyanspring.tools.service.HistoricalDataService:380] - left:45931,right:46350
2019-07-23 09:41:25,319 INFO[org.cyanspring.tools.service.HistoricalDataService:391] - 1min list size:120,maxHigh:104.29726803625,minLow:0.03
2019-07-23 09:41:25,322 INFO[org.cyanspring.tools.service.HistoricalDataService:425] - H_INDEX_LTCUSD_2H lset:{"c":103.78216337875,"h":104.29726803625,"kt":"2019-06-05 22:00","l":0.03,"o":103.21139468249999,"sc":"INDEX","sm":"LTCUSD","to":0.0,"ts":"2019-06-05 23:59:00.000","v":0.0}
2019-07-23 09:41:25,324 INFO[org.cyanspring.tools.service.HistoricalDataService:380] - left:45931,right:46470
2019-07-23 09:41:25,365 INFO[org.cyanspring.tools.service.HistoricalDataService:391] - 1min list size:240,maxHigh:104.34189772583333,minLow:0.03
2019-07-23 09:41:25,368 INFO[org.cyanspring.tools.service.HistoricalDataService:425] - H_INDEX_LTCUSD_4H lset:{"c":103.78216337875,"h":104.34189772583333,"kt":"2019-06-05 20:00","l":0.03,"o":103.06530376799999,"sc":"INDEX","sm":"LTCUSD","to":0.0,"ts":"2019-06-05 23:59:00.000","v":0.0}
2019-07-23 09:41:25,371 INFO[org.cyanspring.tools.service.HistoricalDataService:380] - left:45931,right:46590
2019-07-23 09:41:25,409 INFO[org.cyanspring.tools.service.HistoricalDataService:391] - 1min list size:360,maxHigh:104.34189772583333,minLow:0.03
2019-07-23 09:41:25,412 INFO[org.cyanspring.tools.service.HistoricalDataService:425] - H_INDEX_LTCUSD_6H lset:{"c":103.78216337875,"h":104.34189772583333,"kt":"2019-06-05 18:00","l":0.03,"o":102.81970081899999,"sc":"INDEX","sm":"LTCUSD","to":0.0,"ts":"2019-06-05 23:59:00.000","v":0.0}
2019-07-23 09:41:25,414 INFO[org.cyanspring.tools.service.HistoricalDataService:380] - left:45931,right:46710
2019-07-23 09:41:25,448 INFO[org.cyanspring.tools.service.HistoricalDataService:391] - 1min list size:480,maxHigh:104.34189772583333,minLow:0.03
2019-07-23 09:41:25,452 INFO[org.cyanspring.tools.service.HistoricalDataService:425] - H_INDEX_LTCUSD_8H lset:{"c":103.78216337875,"h":104.34189772583333,"kt":"2019-06-05 16:00","l":0.03,"o":100.81574874583332,"sc":"INDEX","sm":"LTCUSD","to":0.0,"ts":"2019-06-05 23:59:00.000","v":0.0}
2019-07-23 09:41:25,452 INFO[org.cyanspring.tools.service.HistoricalDataService:380] - left:45931,right:46950
2019-07-23 09:41:25,492 INFO[org.cyanspring.tools.service.HistoricalDataService:391] - 1min list size:720,maxHigh:104.34189772583333,minLow:0.03
2019-07-23 09:41:25,492 INFO[org.cyanspring.tools.service.HistoricalDataService:425] - H_INDEX_LTCUSD_12H lset:{"c":103.78216337875,"h":105.16492255875,"kt":"2019-06-05 12:00","l":0.03,"o":103.27640428599999,"sc":"INDEX","sm":"LTCUSD","to":0.0,"ts":"2019-06-05 23:59:00.000","v":0.0}
2019-07-23 09:41:25,492 INFO[org.cyanspring.tools.service.HistoricalDataService:380] - left:45931,right:47670
2019-07-23 09:41:25,552 INFO[org.cyanspring.tools.service.HistoricalDataService:391] - 1min list size:1440,maxHigh:105.16492255875,minLow:0.03
2019-07-23 09:41:25,562 INFO[org.cyanspring.tools.service.HistoricalDataService:425] - H_INDEX_LTCUSD_D lset:{"c":103.78216337875,"h":105.16492255875,"kt":"2019-06-05 00:00","l":0.03,"o":101.99467761025001,"sc":"INDEX","sm":"LTCUSD","to":0.0,"ts":"2019-06-05 23:59:00.000","v":0.0}
2019-07-23 09:41:25,562 INFO[org.cyanspring.tools.service.HistoricalDataService:380] - left:40171,right:50550
2019-07-23 09:41:25,862 INFO[org.cyanspring.tools.service.HistoricalDataService:391] - 1min list size:10019,maxHigh:121.43676189166666,minLow:0.03
2019-07-23 09:41:25,862 INFO[org.cyanspring.tools.service.HistoricalDataService:425] - H_INDEX_LTCUSD_W lset:{"c":118.53490620000001,"h":121.43676189166666,"kt":"2019-06-03 00:00","l":0.03,"o":112.47172850549998,"sc":"INDEX","sm":"LTCUSD","to":0.0,"ts":"2019-06-08 23:59:00.000","v":0.0}
2019-07-23 09:41:25,872 INFO[org.cyanspring.tools.service.HistoricalDataService:380] - left:9931,right:53430
2019-07-23 09:41:26,990 INFO[org.cyanspring.tools.service.HistoricalDataService:391] - 1min list size:43139,maxHigh:146.80608752286668,minLow:0.03
2019-07-23 09:41:26,992 INFO[org.cyanspring.tools.service.HistoricalDataService:425] - H_INDEX_LTCUSD_MTH lset:{"c":120.17085532760001,"h":146.80608752286668,"kt":"2019-07-01 00:00","l":0.03,"o":121.76544833333334,"sc":"INDEX","sm":"LTCUSD","to":0.0,"ts":"2019-07-08 00:00:00.000","v":0.0}
2019-07-23 09:41:26,996 INFO[org.cyanspring.tools.service.HistoricalDataService:58] - 0.0428 minutes
2019-07-23 09:43:33,842 INFO[org.cyanspring.tools.service.HistoricalDataService:425] - H_INDEX_LTCUSD_1M lset:{"c":103.78216337875,"h":103.8661566145,"kt":"2019-06-05 23:59","l":0.03,"o":103.8661566145,"sc":"INDEX","sm":"LTCUSD","to":0.0,"ts":"2019-06-05 23:59:00.000","v":0.0}
2019-07-23 09:43:33,852 INFO[org.cyanspring.tools.service.HistoricalDataService:380] - left:45931,right:46233
2019-07-23 09:43:36,754 INFO[org.cyanspring.tools.service.HistoricalDataService:391] - 1min list size:3,maxHigh:103.95446521225,minLow:0.03
2019-07-23 09:43:36,754 INFO[org.cyanspring.tools.service.HistoricalDataService:425] - H_INDEX_LTCUSD_3M lset:{"c":103.92705922333333,"h":103.95446521225,"kt":"2019-06-05 22:57","l":0.03,"o":103.66125207749998,"sc":"INDEX","sm":"LTCUSD","to":0.0,"ts":"2019-06-05 22:59:00.000","v":0.0}
2019-07-23 09:43:36,754 INFO[org.cyanspring.tools.service.HistoricalDataService:380] - left:45931,right:46235
2019-07-23 09:43:38,773 INFO[org.cyanspring.tools.service.HistoricalDataService:391] - 1min list size:5,maxHigh:103.95446521225,minLow:0.03
2019-07-23 09:43:38,773 INFO[org.cyanspring.tools.service.HistoricalDataService:425] - H_INDEX_LTCUSD_5M lset:{"c":103.92705922333333,"h":103.95446521225,"kt":"2019-06-05 22:55","l":0.03,"o":103.500423093375,"sc":"INDEX","sm":"LTCUSD","to":0.0,"ts":"2019-06-05 22:59:00.000","v":0.0}
2019-07-23 09:43:38,783 INFO[org.cyanspring.tools.service.HistoricalDataService:380] - left:45931,right:46240
2019-07-23 09:43:39,343 INFO[org.cyanspring.tools.service.HistoricalDataService:391] - 1min list size:10,maxHigh:104.00481984999999,minLow:0.03
2019-07-23 09:43:39,343 INFO[org.cyanspring.tools.service.HistoricalDataService:425] - H_INDEX_LTCUSD_10M lset:{"c":103.95633327916666,"h":104.27255283225,"kt":"2019-06-05 23:00","l":0.03,"o":103.92705922333333,"sc":"INDEX","sm":"LTCUSD","to":0.0,"ts":"2019-06-05 23:09:00.000","v":0.0}
2019-07-23 09:43:39,353 INFO[org.cyanspring.tools.service.HistoricalDataService:380] - left:45931,right:46245
2019-07-23 09:43:39,863 INFO[org.cyanspring.tools.service.HistoricalDataService:391] - 1min list size:15,maxHigh:104.29726803625,minLow:0.03
2019-07-23 09:43:39,863 INFO[org.cyanspring.tools.service.HistoricalDataService:425] - H_INDEX_LTCUSD_15M lset:{"c":103.92705922333333,"h":104.29726803625,"kt":"2019-06-05 22:45","l":0.03,"o":103.4563971,"sc":"INDEX","sm":"LTCUSD","to":0.0,"ts":"2019-06-05 22:59:00.000","v":0.0}
2019-07-23 09:43:39,863 INFO[org.cyanspring.tools.service.HistoricalDataService:380] - left:45931,right:46260
2019-07-23 09:43:40,210 INFO[org.cyanspring.tools.service.HistoricalDataService:391] - 1min list size:30,maxHigh:104.29726803625,minLow:0.03
2019-07-23 09:43:40,212 INFO[org.cyanspring.tools.service.HistoricalDataService:425] - H_INDEX_LTCUSD_30M lset:{"c":103.82492597749999,"h":104.29726803625,"kt":"2019-06-05 23:00","l":0.03,"o":103.92705922333333,"sc":"INDEX","sm":"LTCUSD","to":0.0,"ts":"2019-06-05 23:29:00.000","v":0.0}
2019-07-23 09:43:40,215 INFO[org.cyanspring.tools.service.HistoricalDataService:380] - left:45931,right:46290
2019-07-23 09:43:40,527 INFO[org.cyanspring.tools.service.HistoricalDataService:391] - 1min list size:60,maxHigh:104.29726803625,minLow:0.03
2019-07-23 09:43:40,527 INFO[org.cyanspring.tools.service.HistoricalDataService:425] - H_INDEX_LTCUSD_1H lset:{"c":103.78216337875,"h":104.29726803625,"kt":"2019-06-05 23:00","l":0.03,"o":103.92705922333333,"sc":"INDEX","sm":"LTCUSD","to":0.0,"ts":"2019-06-05 23:59:00.000","v":0.0}
2019-07-23 09:43:40,527 INFO[org.cyanspring.tools.service.HistoricalDataService:380] - left:45931,right:46350
2019-07-23 09:43:40,927 INFO[org.cyanspring.tools.service.HistoricalDataService:391] - 1min list size:120,maxHigh:104.29726803625,minLow:0.03
2019-07-23 09:43:40,927 INFO[org.cyanspring.tools.service.HistoricalDataService:425] - H_INDEX_LTCUSD_2H lset:{"c":103.78216337875,"h":104.29726803625,"kt":"2019-06-05 22:00","l":0.03,"o":103.21139468249999,"sc":"INDEX","sm":"LTCUSD","to":0.0,"ts":"2019-06-05 23:59:00.000","v":0.0}
2019-07-23 09:43:40,927 INFO[org.cyanspring.tools.service.HistoricalDataService:380] - left:45931,right:46470
2019-07-23 09:43:41,217 INFO[org.cyanspring.tools.service.HistoricalDataService:391] - 1min list size:240,maxHigh:104.34189772583333,minLow:0.03
2019-07-23 09:43:41,217 INFO[org.cyanspring.tools.service.HistoricalDataService:425] - H_INDEX_LTCUSD_4H lset:{"c":103.78216337875,"h":104.34189772583333,"kt":"2019-06-05 20:00","l":0.03,"o":103.06530376799999,"sc":"INDEX","sm":"LTCUSD","to":0.0,"ts":"2019-06-05 23:59:00.000","v":0.0}
2019-07-23 09:43:41,217 INFO[org.cyanspring.tools.service.HistoricalDataService:380] - left:45931,right:46590
2019-07-23 09:43:41,537 INFO[org.cyanspring.tools.service.HistoricalDataService:391] - 1min list size:360,maxHigh:104.34189772583333,minLow:0.03
2019-07-23 09:43:41,537 INFO[org.cyanspring.tools.service.HistoricalDataService:425] - H_INDEX_LTCUSD_6H lset:{"c":103.78216337875,"h":104.34189772583333,"kt":"2019-06-05 18:00","l":0.03,"o":102.81970081899999,"sc":"INDEX","sm":"LTCUSD","to":0.0,"ts":"2019-06-05 23:59:00.000","v":0.0}
2019-07-23 09:43:41,547 INFO[org.cyanspring.tools.service.HistoricalDataService:380] - left:45931,right:46710
2019-07-23 09:43:42,007 INFO[org.cyanspring.tools.service.HistoricalDataService:391] - 1min list size:480,maxHigh:104.34189772583333,minLow:0.03
2019-07-23 09:43:42,007 INFO[org.cyanspring.tools.service.HistoricalDataService:425] - H_INDEX_LTCUSD_8H lset:{"c":103.78216337875,"h":104.34189772583333,"kt":"2019-06-05 16:00","l":0.03,"o":100.81574874583332,"sc":"INDEX","sm":"LTCUSD","to":0.0,"ts":"2019-06-05 23:59:00.000","v":0.0}
2019-07-23 09:43:42,017 INFO[org.cyanspring.tools.service.HistoricalDataService:380] - left:45931,right:46950
2019-07-23 09:43:42,387 INFO[org.cyanspring.tools.service.HistoricalDataService:391] - 1min list size:720,maxHigh:104.34189772583333,minLow:0.03
2019-07-23 09:43:42,387 INFO[org.cyanspring.tools.service.HistoricalDataService:425] - H_INDEX_LTCUSD_12H lset:{"c":103.78216337875,"h":105.16492255875,"kt":"2019-06-05 12:00","l":0.03,"o":103.27640428599999,"sc":"INDEX","sm":"LTCUSD","to":0.0,"ts":"2019-06-05 23:59:00.000","v":0.0}
2019-07-23 09:43:42,397 INFO[org.cyanspring.tools.service.HistoricalDataService:380] - left:45931,right:47670
2019-07-23 09:43:43,507 INFO[org.cyanspring.tools.service.HistoricalDataService:391] - 1min list size:1440,maxHigh:105.16492255875,minLow:0.03
2019-07-23 09:43:43,517 INFO[org.cyanspring.tools.service.HistoricalDataService:425] - H_INDEX_LTCUSD_D lset:{"c":103.78216337875,"h":105.16492255875,"kt":"2019-06-05 00:00","l":0.03,"o":101.99467761025001,"sc":"INDEX","sm":"LTCUSD","to":0.0,"ts":"2019-06-05 23:59:00.000","v":0.0}
2019-07-23 09:43:43,517 INFO[org.cyanspring.tools.service.HistoricalDataService:380] - left:40171,right:50550
2019-07-23 09:43:52,417 INFO[org.cyanspring.tools.service.HistoricalDataService:391] - 1min list size:10019,maxHigh:121.43676189166666,minLow:0.03
2019-07-23 09:43:52,417 INFO[org.cyanspring.tools.service.HistoricalDataService:425] - H_INDEX_LTCUSD_W lset:{"c":118.53490620000001,"h":121.43676189166666,"kt":"2019-06-03 00:00","l":0.03,"o":112.47172850549998,"sc":"INDEX","sm":"LTCUSD","to":0.0,"ts":"2019-06-08 23:59:00.000","v":0.0}
2019-07-23 09:43:52,417 INFO[org.cyanspring.tools.service.HistoricalDataService:380] - left:9931,right:53430
2019-07-23 09:46:04,871 INFO[org.cyanspring.tools.service.HistoricalDataService:391] - 1min list size:43139,maxHigh:146.80608752286668,minLow:0.03
2019-07-23 09:47:00,637 INFO[org.cyanspring.tools.service.HistoricalDataService:425] - H_INDEX_LTCUSD_MTH lset:{"c":120.17085532760001,"h":146.80608752286668,"kt":"2019-07-01 00:00","l":0.03,"o":121.76544833333334,"sc":"INDEX","sm":"LTCUSD","to":0.0,"ts":"2019-07-08 00:00:00.000","v":0.0}
2019-07-23 09:47:00,637 INFO[org.cyanspring.tools.service.HistoricalDataService:58] - 3.45225 minutes
2019-07-23 09:47:04,611 INFO[org.cyanspring.tools.service.HistoricalDataService:425] - H_INDEX_LTCUSD_1M lset:{"c":103.78216337875,"h":103.8661566145,"kt":"2019-06-05 23:59","l":0.03,"o":103.8661566145,"sc":"INDEX","sm":"LTCUSD","to":0.0,"ts":"2019-06-05 23:59:00.000","v":0.0}
2019-07-23 09:47:04,621 INFO[org.cyanspring.tools.service.HistoricalDataService:380] - left:45931,right:46233
2019-07-23 09:47:04,801 INFO[org.cyanspring.tools.service.HistoricalDataService:391] - 1min list size:3,maxHigh:103.95446521225,minLow:0.03
2019-07-23 09:47:04,811 INFO[org.cyanspring.tools.service.HistoricalDataService:425] - H_INDEX_LTCUSD_3M lset:{"c":103.92705922333333,"h":103.95446521225,"kt":"2019-06-05 22:57","l":0.03,"o":103.66125207749998,"sc":"INDEX","sm":"LTCUSD","to":0.0,"ts":"2019-06-05 22:59:00.000","v":0.0}
2019-07-23 09:47:04,811 INFO[org.cyanspring.tools.service.HistoricalDataService:380] - left:45931,right:46235
2019-07-23 09:47:04,871 INFO[org.cyanspring.tools.service.HistoricalDataService:391] - 1min list size:5,maxHigh:103.95446521225,minLow:0.03
2019-07-23 09:47:04,881 INFO[org.cyanspring.tools.service.HistoricalDataService:425] - H_INDEX_LTCUSD_5M lset:{"c":103.92705922333333,"h":103.95446521225,"kt":"2019-06-05 22:55","l":0.03,"o":103.500423093375,"sc":"INDEX","sm":"LTCUSD","to":0.0,"ts":"2019-06-05 22:59:00.000","v":0.0}
2019-07-23 09:47:04,891 INFO[org.cyanspring.tools.service.HistoricalDataService:380] - left:45931,right:46240
2019-07-23 09:47:04,981 INFO[org.cyanspring.tools.service.HistoricalDataService:391] - 1min list size:10,maxHigh:104.00481984999999,minLow:0.03
2019-07-23 09:47:04,991 INFO[org.cyanspring.tools.service.HistoricalDataService:425] - H_INDEX_LTCUSD_10M lset:{"c":103.95633327916666,"h":104.27255283225,"kt":"2019-06-05 23:00","l":0.03,"o":103.92705922333333,"sc":"INDEX","sm":"LTCUSD","to":0.0,"ts":"2019-06-05 23:09:00.000","v":0.0}
2019-07-23 09:47:04,993 INFO[org.cyanspring.tools.service.HistoricalDataService:380] - left:45931,right:46245
2019-07-23 09:47:05,015 INFO[org.cyanspring.tools.service.HistoricalDataService:391] - 1min list size:15,maxHigh:104.29726803625,minLow:0.03
2019-07-23 09:47:05,023 INFO[org.cyanspring.tools.service.HistoricalDataService:425] - H_INDEX_LTCUSD_15M lset:{"c":103.92705922333333,"h":104.29726803625,"kt":"2019-06-05 22:45","l":0.03,"o":103.4563971,"sc":"INDEX","sm":"LTCUSD","to":0.0,"ts":"2019-06-05 22:59:00.000","v":0.0}
2019-07-23 09:47:05,025 INFO[org.cyanspring.tools.service.HistoricalDataService:380] - left:45931,right:46260
2019-07-23 09:47:05,068 INFO[org.cyanspring.tools.service.HistoricalDataService:391] - 1min list size:30,maxHigh:104.29726803625,minLow:0.03
2019-07-23 09:47:05,071 INFO[org.cyanspring.tools.service.HistoricalDataService:425] - H_INDEX_LTCUSD_30M lset:{"c":103.82492597749999,"h":104.29726803625,"kt":"2019-06-05 23:00","l":0.03,"o":103.92705922333333,"sc":"INDEX","sm":"LTCUSD","to":0.0,"ts":"2019-06-05 23:29:00.000","v":0.0}
2019-07-23 09:47:05,078 INFO[org.cyanspring.tools.service.HistoricalDataService:380] - left:45931,right:46290
2019-07-23 09:47:05,110 INFO[org.cyanspring.tools.service.HistoricalDataService:391] - 1min list size:60,maxHigh:104.29726803625,minLow:0.03
2019-07-23 09:47:05,113 INFO[org.cyanspring.tools.service.HistoricalDataService:425] - H_INDEX_LTCUSD_1H lset:{"c":103.78216337875,"h":104.29726803625,"kt":"2019-06-05 23:00","l":0.03,"o":103.92705922333333,"sc":"INDEX","sm":"LTCUSD","to":0.0,"ts":"2019-06-05 23:59:00.000","v":0.0}
2019-07-23 09:47:05,116 INFO[org.cyanspring.tools.service.HistoricalDataService:380] - left:45931,right:46350
2019-07-23 09:47:05,139 INFO[org.cyanspring.tools.service.HistoricalDataService:391] - 1min list size:120,maxHigh:104.29726803625,minLow:0.03
2019-07-23 09:47:05,142 INFO[org.cyanspring.tools.service.HistoricalDataService:425] - H_INDEX_LTCUSD_2H lset:{"c":103.78216337875,"h":104.29726803625,"kt":"2019-06-05 22:00","l":0.03,"o":103.21139468249999,"sc":"INDEX","sm":"LTCUSD","to":0.0,"ts":"2019-06-05 23:59:00.000","v":0.0}
2019-07-23 09:47:05,145 INFO[org.cyanspring.tools.service.HistoricalDataService:380] - left:45931,right:46470
2019-07-23 09:47:05,167 INFO[org.cyanspring.tools.service.HistoricalDataService:391] - 1min list size:240,maxHigh:104.34189772583333,minLow:0.03
2019-07-23 09:47:05,170 INFO[org.cyanspring.tools.service.HistoricalDataService:425] - H_INDEX_LTCUSD_4H lset:{"c":103.78216337875,"h":104.34189772583333,"kt":"2019-06-05 20:00","l":0.03,"o":103.06530376799999,"sc":"INDEX","sm":"LTCUSD","to":0.0,"ts":"2019-06-05 23:59:00.000","v":0.0}
2019-07-23 09:47:05,173 INFO[org.cyanspring.tools.service.HistoricalDataService:380] - left:45931,right:46590
2019-07-23 09:47:05,202 INFO[org.cyanspring.tools.service.HistoricalDataService:391] - 1min list size:360,maxHigh:104.34189772583333,minLow:0.03
2019-07-23 09:47:05,205 INFO[org.cyanspring.tools.service.HistoricalDataService:425] - H_INDEX_LTCUSD_6H lset:{"c":103.78216337875,"h":104.34189772583333,"kt":"2019-06-05 18:00","l":0.03,"o":102.81970081899999,"sc":"INDEX","sm":"LTCUSD","to":0.0,"ts":"2019-06-05 23:59:00.000","v":0.0}
2019-07-23 09:47:05,208 INFO[org.cyanspring.tools.service.HistoricalDataService:380] - left:45931,right:46710
2019-07-23 09:47:05,239 INFO[org.cyanspring.tools.service.HistoricalDataService:391] - 1min list size:480,maxHigh:104.34189772583333,minLow:0.03
2019-07-23 09:47:05,242 INFO[org.cyanspring.tools.service.HistoricalDataService:425] - H_INDEX_LTCUSD_8H lset:{"c":103.78216337875,"h":104.34189772583333,"kt":"2019-06-05 16:00","l":0.03,"o":100.81574874583332,"sc":"INDEX","sm":"LTCUSD","to":0.0,"ts":"2019-06-05 23:59:00.000","v":0.0}
2019-07-23 09:47:05,243 INFO[org.cyanspring.tools.service.HistoricalDataService:380] - left:45931,right:46950
2019-07-23 09:47:05,288 INFO[org.cyanspring.tools.service.HistoricalDataService:391] - 1min list size:720,maxHigh:104.34189772583333,minLow:0.03
2019-07-23 09:47:05,290 INFO[org.cyanspring.tools.service.HistoricalDataService:425] - H_INDEX_LTCUSD_12H lset:{"c":103.78216337875,"h":105.16492255875,"kt":"2019-06-05 12:00","l":0.03,"o":103.27640428599999,"sc":"INDEX","sm":"LTCUSD","to":0.0,"ts":"2019-06-05 23:59:00.000","v":0.0}
2019-07-23 09:47:05,295 INFO[org.cyanspring.tools.service.HistoricalDataService:380] - left:45931,right:47670
2019-07-23 09:47:05,407 INFO[org.cyanspring.tools.service.HistoricalDataService:391] - 1min list size:1440,maxHigh:105.16492255875,minLow:0.03
2019-07-23 09:47:05,410 INFO[org.cyanspring.tools.service.HistoricalDataService:425] - H_INDEX_LTCUSD_D lset:{"c":103.78216337875,"h":105.16492255875,"kt":"2019-06-05 00:00","l":0.03,"o":101.99467761025001,"sc":"INDEX","sm":"LTCUSD","to":0.0,"ts":"2019-06-05 23:59:00.000","v":0.0}
2019-07-23 09:47:05,412 INFO[org.cyanspring.tools.service.HistoricalDataService:380] - left:40171,right:50550
2019-07-23 09:47:05,707 INFO[org.cyanspring.tools.service.HistoricalDataService:391] - 1min list size:10019,maxHigh:121.43676189166666,minLow:0.03
2019-07-23 09:47:05,707 INFO[org.cyanspring.tools.service.HistoricalDataService:425] - H_INDEX_LTCUSD_W lset:{"c":118.53490620000001,"h":121.43676189166666,"kt":"2019-06-03 00:00","l":0.03,"o":112.47172850549998,"sc":"INDEX","sm":"LTCUSD","to":0.0,"ts":"2019-06-08 23:59:00.000","v":0.0}
2019-07-23 09:47:49,516 INFO[org.cyanspring.tools.service.HistoricalDataService:380] - left:9931,right:53430
2019-07-23 09:47:53,481 INFO[org.cyanspring.tools.service.HistoricalDataService:425] - H_INDEX_LTCUSD_1M lset:{"c":103.78216337875,"h":103.8661566145,"kt":"2019-06-05 23:59","l":0.03,"o":103.8661566145,"sc":"INDEX","sm":"LTCUSD","to":0.0,"ts":"2019-06-05 23:59:00.000","v":0.0}
2019-07-23 09:47:53,491 INFO[org.cyanspring.tools.service.HistoricalDataService:380] - left:45931,right:46233
2019-07-23 09:47:53,631 INFO[org.cyanspring.tools.service.HistoricalDataService:391] - 1min list size:3,maxHigh:103.95446521225,minLow:0.03
2019-07-23 09:47:53,631 INFO[org.cyanspring.tools.service.HistoricalDataService:425] - H_INDEX_LTCUSD_3M lset:{"c":103.92705922333333,"h":103.95446521225,"kt":"2019-06-05 22:57","l":0.03,"o":103.66125207749998,"sc":"INDEX","sm":"LTCUSD","to":0.0,"ts":"2019-06-05 22:59:00.000","v":0.0}
2019-07-23 09:47:53,631 INFO[org.cyanspring.tools.service.HistoricalDataService:380] - left:45931,right:46235
2019-07-23 09:47:53,671 INFO[org.cyanspring.tools.service.HistoricalDataService:391] - 1min list size:5,maxHigh:103.95446521225,minLow:0.03
2019-07-23 09:47:53,681 INFO[org.cyanspring.tools.service.HistoricalDataService:425] - H_INDEX_LTCUSD_5M lset:{"c":103.92705922333333,"h":103.95446521225,"kt":"2019-06-05 22:55","l":0.03,"o":103.500423093375,"sc":"INDEX","sm":"LTCUSD","to":0.0,"ts":"2019-06-05 22:59:00.000","v":0.0}
2019-07-23 09:47:53,681 INFO[org.cyanspring.tools.service.HistoricalDataService:380] - left:45931,right:46240
2019-07-23 09:47:53,711 INFO[org.cyanspring.tools.service.HistoricalDataService:391] - 1min list size:10,maxHigh:104.00481984999999,minLow:0.03
2019-07-23 09:47:53,711 INFO[org.cyanspring.tools.service.HistoricalDataService:425] - H_INDEX_LTCUSD_10M lset:{"c":103.95633327916666,"h":104.27255283225,"kt":"2019-06-05 23:00","l":0.03,"o":103.92705922333333,"sc":"INDEX","sm":"LTCUSD","to":0.0,"ts":"2019-06-05 23:09:00.000","v":0.0}
2019-07-23 09:47:53,711 INFO[org.cyanspring.tools.service.HistoricalDataService:380] - left:45931,right:46245
2019-07-23 09:47:53,741 INFO[org.cyanspring.tools.service.HistoricalDataService:391] - 1min list size:15,maxHigh:104.29726803625,minLow:0.03
2019-07-23 09:47:53,741 INFO[org.cyanspring.tools.service.HistoricalDataService:425] - H_INDEX_LTCUSD_15M lset:{"c":103.92705922333333,"h":104.29726803625,"kt":"2019-06-05 22:45","l":0.03,"o":103.4563971,"sc":"INDEX","sm":"LTCUSD","to":0.0,"ts":"2019-06-05 22:59:00.000","v":0.0}
2019-07-23 09:47:53,741 INFO[org.cyanspring.tools.service.HistoricalDataService:380] - left:45931,right:46260
2019-07-23 09:47:53,771 INFO[org.cyanspring.tools.service.HistoricalDataService:391] - 1min list size:30,maxHigh:104.29726803625,minLow:0.03
2019-07-23 09:47:53,771 INFO[org.cyanspring.tools.service.HistoricalDataService:425] - H_INDEX_LTCUSD_30M lset:{"c":103.82492597749999,"h":104.29726803625,"kt":"2019-06-05 23:00","l":0.03,"o":103.92705922333333,"sc":"INDEX","sm":"LTCUSD","to":0.0,"ts":"2019-06-05 23:29:00.000","v":0.0}
2019-07-23 09:47:53,771 INFO[org.cyanspring.tools.service.HistoricalDataService:380] - left:45931,right:46290
2019-07-23 09:47:53,801 INFO[org.cyanspring.tools.service.HistoricalDataService:391] - 1min list size:60,maxHigh:104.29726803625,minLow:0.03
2019-07-23 09:47:53,801 INFO[org.cyanspring.tools.service.HistoricalDataService:425] - H_INDEX_LTCUSD_1H lset:{"c":103.78216337875,"h":104.29726803625,"kt":"2019-06-05 23:00","l":0.03,"o":103.92705922333333,"sc":"INDEX","sm":"LTCUSD","to":0.0,"ts":"2019-06-05 23:59:00.000","v":0.0}
2019-07-23 09:47:53,801 INFO[org.cyanspring.tools.service.HistoricalDataService:380] - left:45931,right:46350
2019-07-23 09:47:53,831 INFO[org.cyanspring.tools.service.HistoricalDataService:391] - 1min list size:120,maxHigh:104.29726803625,minLow:0.03
2019-07-23 09:47:53,831 INFO[org.cyanspring.tools.service.HistoricalDataService:425] - H_INDEX_LTCUSD_2H lset:{"c":103.78216337875,"h":104.29726803625,"kt":"2019-06-05 22:00","l":0.03,"o":103.21139468249999,"sc":"INDEX","sm":"LTCUSD","to":0.0,"ts":"2019-06-05 23:59:00.000","v":0.0}
2019-07-23 09:47:53,831 INFO[org.cyanspring.tools.service.HistoricalDataService:380] - left:45931,right:46470
2019-07-23 09:47:53,871 INFO[org.cyanspring.tools.service.HistoricalDataService:391] - 1min list size:240,maxHigh:104.34189772583333,minLow:0.03
2019-07-23 09:47:53,871 INFO[org.cyanspring.tools.service.HistoricalDataService:425] - H_INDEX_LTCUSD_4H lset:{"c":103.78216337875,"h":104.34189772583333,"kt":"2019-06-05 20:00","l":0.03,"o":103.06530376799999,"sc":"INDEX","sm":"LTCUSD","to":0.0,"ts":"2019-06-05 23:59:00.000","v":0.0}
2019-07-23 09:47:53,871 INFO[org.cyanspring.tools.service.HistoricalDataService:380] - left:45931,right:46590
2019-07-23 09:47:53,911 INFO[org.cyanspring.tools.service.HistoricalDataService:391] - 1min list size:360,maxHigh:104.34189772583333,minLow:0.03
2019-07-23 09:47:53,911 INFO[org.cyanspring.tools.service.HistoricalDataService:425] - H_INDEX_LTCUSD_6H lset:{"c":103.78216337875,"h":104.34189772583333,"kt":"2019-06-05 18:00","l":0.03,"o":102.81970081899999,"sc":"INDEX","sm":"LTCUSD","to":0.0,"ts":"2019-06-05 23:59:00.000","v":0.0}
2019-07-23 09:47:53,911 INFO[org.cyanspring.tools.service.HistoricalDataService:380] - left:45931,right:46710
2019-07-23 09:47:53,961 INFO[org.cyanspring.tools.service.HistoricalDataService:391] - 1min list size:480,maxHigh:104.34189772583333,minLow:0.03
2019-07-23 09:47:53,961 INFO[org.cyanspring.tools.service.HistoricalDataService:425] - H_INDEX_LTCUSD_8H lset:{"c":103.78216337875,"h":104.34189772583333,"kt":"2019-06-05 16:00","l":0.03,"o":100.81574874583332,"sc":"INDEX","sm":"LTCUSD","to":0.0,"ts":"2019-06-05 23:59:00.000","v":0.0}
2019-07-23 09:47:53,971 INFO[org.cyanspring.tools.service.HistoricalDataService:380] - left:45931,right:46950
2019-07-23 09:47:54,021 INFO[org.cyanspring.tools.service.HistoricalDataService:391] - 1min list size:720,maxHigh:104.34189772583333,minLow:0.03
2019-07-23 09:47:54,021 INFO[org.cyanspring.tools.service.HistoricalDataService:425] - H_INDEX_LTCUSD_12H lset:{"c":103.78216337875,"h":105.16492255875,"kt":"2019-06-05 12:00","l":0.03,"o":103.27640428599999,"sc":"INDEX","sm":"LTCUSD","to":0.0,"ts":"2019-06-05 23:59:00.000","v":0.0}
2019-07-23 09:47:54,021 INFO[org.cyanspring.tools.service.HistoricalDataService:380] - left:45931,right:47670
2019-07-23 09:47:54,071 INFO[org.cyanspring.tools.service.HistoricalDataService:391] - 1min list size:1440,maxHigh:105.16492255875,minLow:0.03
2019-07-23 09:47:54,081 INFO[org.cyanspring.tools.service.HistoricalDataService:425] - H_INDEX_LTCUSD_D lset:{"c":103.78216337875,"h":105.16492255875,"kt":"2019-06-05 00:00","l":0.03,"o":101.99467761025001,"sc":"INDEX","sm":"LTCUSD","to":0.0,"ts":"2019-06-05 23:59:00.000","v":0.0}
2019-07-23 09:47:54,081 INFO[org.cyanspring.tools.service.HistoricalDataService:380] - left:40171,right:50550
2019-07-23 09:47:54,371 INFO[org.cyanspring.tools.service.HistoricalDataService:391] - 1min list size:10019,maxHigh:121.43676189166666,minLow:0.03
2019-07-23 09:47:54,371 INFO[org.cyanspring.tools.service.HistoricalDataService:425] - H_INDEX_LTCUSD_W lset:{"c":118.53490620000001,"h":121.43676189166666,"kt":"2019-06-03 00:00","l":0.03,"o":112.47172850549998,"sc":"INDEX","sm":"LTCUSD","to":0.0,"ts":"2019-06-08 23:59:00.000","v":0.0}
2019-07-23 09:48:26,303 INFO[org.cyanspring.tools.service.HistoricalDataService:425] - H_INDEX_LTCUSD_1M lset:{"c":103.78216337875,"h":103.8661566145,"kt":"2019-06-05 23:59","l":0.03,"o":103.8661566145,"sc":"INDEX","sm":"LTCUSD","to":0.0,"ts":"2019-06-05 23:59:00.000","v":0.0}
2019-07-23 09:48:26,313 INFO[org.cyanspring.tools.service.HistoricalDataService:380] - left:45931,right:46233
2019-07-23 09:48:26,473 INFO[org.cyanspring.tools.service.HistoricalDataService:391] - 1min list size:3,maxHigh:103.95446521225,minLow:0.03
2019-07-23 09:48:26,473 INFO[org.cyanspring.tools.service.HistoricalDataService:425] - H_INDEX_LTCUSD_3M lset:{"c":103.92705922333333,"h":103.95446521225,"kt":"2019-06-05 22:57","l":0.03,"o":103.66125207749998,"sc":"INDEX","sm":"LTCUSD","to":0.0,"ts":"2019-06-05 22:59:00.000","v":0.0}
2019-07-23 09:48:26,483 INFO[org.cyanspring.tools.service.HistoricalDataService:380] - left:45931,right:46235
2019-07-23 09:48:26,563 INFO[org.cyanspring.tools.service.HistoricalDataService:391] - 1min list size:5,maxHigh:103.95446521225,minLow:0.03
2019-07-23 09:48:26,573 INFO[org.cyanspring.tools.service.HistoricalDataService:425] - H_INDEX_LTCUSD_5M lset:{"c":103.92705922333333,"h":103.95446521225,"kt":"2019-06-05 22:55","l":0.03,"o":103.500423093375,"sc":"INDEX","sm":"LTCUSD","to":0.0,"ts":"2019-06-05 22:59:00.000","v":0.0}
2019-07-23 09:48:26,573 INFO[org.cyanspring.tools.service.HistoricalDataService:380] - left:45931,right:46240
2019-07-23 09:48:26,593 INFO[org.cyanspring.tools.service.HistoricalDataService:391] - 1min list size:10,maxHigh:104.00481984999999,minLow:0.03
2019-07-23 09:48:26,593 INFO[org.cyanspring.tools.service.HistoricalDataService:425] - H_INDEX_LTCUSD_10M lset:{"c":103.95633327916666,"h":104.27255283225,"kt":"2019-06-05 23:00","l":0.03,"o":103.92705922333333,"sc":"INDEX","sm":"LTCUSD","to":0.0,"ts":"2019-06-05 23:09:00.000","v":0.0}
2019-07-23 09:48:26,593 INFO[org.cyanspring.tools.service.HistoricalDataService:380] - left:45931,right:46245
2019-07-23 09:48:26,613 INFO[org.cyanspring.tools.service.HistoricalDataService:391] - 1min list size:15,maxHigh:104.29726803625,minLow:0.03
2019-07-23 09:48:26,613 INFO[org.cyanspring.tools.service.HistoricalDataService:425] - H_INDEX_LTCUSD_15M lset:{"c":103.92705922333333,"h":104.29726803625,"kt":"2019-06-05 22:45","l":0.03,"o":103.4563971,"sc":"INDEX","sm":"LTCUSD","to":0.0,"ts":"2019-06-05 22:59:00.000","v":0.0}
2019-07-23 09:48:26,613 INFO[org.cyanspring.tools.service.HistoricalDataService:380] - left:45931,right:46260
2019-07-23 09:48:26,633 INFO[org.cyanspring.tools.service.HistoricalDataService:391] - 1min list size:30,maxHigh:104.29726803625,minLow:0.03
2019-07-23 09:48:26,633 INFO[org.cyanspring.tools.service.HistoricalDataService:425] - H_INDEX_LTCUSD_30M lset:{"c":103.82492597749999,"h":104.29726803625,"kt":"2019-06-05 23:00","l":0.03,"o":103.92705922333333,"sc":"INDEX","sm":"LTCUSD","to":0.0,"ts":"2019-06-05 23:29:00.000","v":0.0}
2019-07-23 09:48:26,633 INFO[org.cyanspring.tools.service.HistoricalDataService:380] - left:45931,right:46290
2019-07-23 09:48:26,653 INFO[org.cyanspring.tools.service.HistoricalDataService:391] - 1min list size:60,maxHigh:104.29726803625,minLow:0.03
2019-07-23 09:48:26,653 INFO[org.cyanspring.tools.service.HistoricalDataService:425] - H_INDEX_LTCUSD_1H lset:{"c":103.78216337875,"h":104.29726803625,"kt":"2019-06-05 23:00","l":0.03,"o":103.92705922333333,"sc":"INDEX","sm":"LTCUSD","to":0.0,"ts":"2019-06-05 23:59:00.000","v":0.0}
2019-07-23 09:48:26,653 INFO[org.cyanspring.tools.service.HistoricalDataService:380] - left:45931,right:46350
2019-07-23 09:48:26,673 INFO[org.cyanspring.tools.service.HistoricalDataService:391] - 1min list size:120,maxHigh:104.29726803625,minLow:0.03
2019-07-23 09:48:26,673 INFO[org.cyanspring.tools.service.HistoricalDataService:425] - H_INDEX_LTCUSD_2H lset:{"c":103.78216337875,"h":104.29726803625,"kt":"2019-06-05 22:00","l":0.03,"o":103.21139468249999,"sc":"INDEX","sm":"LTCUSD","to":0.0,"ts":"2019-06-05 23:59:00.000","v":0.0}
2019-07-23 09:48:26,673 INFO[org.cyanspring.tools.service.HistoricalDataService:380] - left:45931,right:46470
2019-07-23 09:48:26,693 INFO[org.cyanspring.tools.service.HistoricalDataService:391] - 1min list size:240,maxHigh:104.34189772583333,minLow:0.03
2019-07-23 09:48:26,703 INFO[org.cyanspring.tools.service.HistoricalDataService:425] - H_INDEX_LTCUSD_4H lset:{"c":103.78216337875,"h":104.34189772583333,"kt":"2019-06-05 20:00","l":0.03,"o":103.06530376799999,"sc":"INDEX","sm":"LTCUSD","to":0.0,"ts":"2019-06-05 23:59:00.000","v":0.0}
2019-07-23 09:48:26,703 INFO[org.cyanspring.tools.service.HistoricalDataService:380] - left:45931,right:46590
2019-07-23 09:48:26,723 INFO[org.cyanspring.tools.service.HistoricalDataService:391] - 1min list size:360,maxHigh:104.34189772583333,minLow:0.03
2019-07-23 09:48:26,733 INFO[org.cyanspring.tools.service.HistoricalDataService:425] - H_INDEX_LTCUSD_6H lset:{"c":103.78216337875,"h":104.34189772583333,"kt":"2019-06-05 18:00","l":0.03,"o":102.81970081899999,"sc":"INDEX","sm":"LTCUSD","to":0.0,"ts":"2019-06-05 23:59:00.000","v":0.0}
2019-07-23 09:48:26,733 INFO[org.cyanspring.tools.service.HistoricalDataService:380] - left:45931,right:46710
2019-07-23 09:48:26,763 INFO[org.cyanspring.tools.service.HistoricalDataService:391] - 1min list size:480,maxHigh:104.34189772583333,minLow:0.03
2019-07-23 09:48:26,763 INFO[org.cyanspring.tools.service.HistoricalDataService:425] - H_INDEX_LTCUSD_8H lset:{"c":103.78216337875,"h":104.34189772583333,"kt":"2019-06-05 16:00","l":0.03,"o":100.81574874583332,"sc":"INDEX","sm":"LTCUSD","to":0.0,"ts":"2019-06-05 23:59:00.000","v":0.0}
2019-07-23 09:48:26,763 INFO[org.cyanspring.tools.service.HistoricalDataService:380] - left:45931,right:46950
2019-07-23 09:48:26,803 INFO[org.cyanspring.tools.service.HistoricalDataService:391] - 1min list size:720,maxHigh:104.34189772583333,minLow:0.03
2019-07-23 09:48:26,803 INFO[org.cyanspring.tools.service.HistoricalDataService:425] - H_INDEX_LTCUSD_12H lset:{"c":103.78216337875,"h":105.16492255875,"kt":"2019-06-05 12:00","l":0.03,"o":103.27640428599999,"sc":"INDEX","sm":"LTCUSD","to":0.0,"ts":"2019-06-05 23:59:00.000","v":0.0}
2019-07-23 09:48:26,803 INFO[org.cyanspring.tools.service.HistoricalDataService:380] - left:45931,right:47670
2019-07-23 09:48:26,863 INFO[org.cyanspring.tools.service.HistoricalDataService:391] - 1min list size:1440,maxHigh:105.16492255875,minLow:0.03
2019-07-23 09:48:26,863 INFO[org.cyanspring.tools.service.HistoricalDataService:425] - H_INDEX_LTCUSD_D lset:{"c":103.78216337875,"h":105.16492255875,"kt":"2019-06-05 00:00","l":0.03,"o":101.99467761025001,"sc":"INDEX","sm":"LTCUSD","to":0.0,"ts":"2019-06-05 23:59:00.000","v":0.0}
2019-07-23 09:48:26,873 INFO[org.cyanspring.tools.service.HistoricalDataService:380] - left:40171,right:50550
2019-07-23 09:48:27,163 INFO[org.cyanspring.tools.service.HistoricalDataService:391] - 1min list size:10019,maxHigh:121.43676189166666,minLow:0.03
2019-07-23 09:48:27,163 INFO[org.cyanspring.tools.service.HistoricalDataService:425] - H_INDEX_LTCUSD_W lset:{"c":118.53490620000001,"h":121.43676189166666,"kt":"2019-06-03 00:00","l":0.03,"o":112.47172850549998,"sc":"INDEX","sm":"LTCUSD","to":0.0,"ts":"2019-06-08 23:59:00.000","v":0.0}
2019-07-23 09:48:27,163 INFO[org.cyanspring.tools.service.HistoricalDataService:58] - 0.019166666666666665 minutes
2019-07-23 09:48:46,038 INFO[org.cyanspring.tools.service.HistoricalDataService:425] - H_INDEX_LTCUSD_1M lset:{"c":103.78216337875,"h":103.8661566145,"kt":"2019-06-05 23:59","l":0.03,"o":103.8661566145,"sc":"INDEX","sm":"LTCUSD","to":0.0,"ts":"2019-06-05 23:59:00.000","v":0.0}
2019-07-23 09:48:46,048 INFO[org.cyanspring.tools.service.HistoricalDataService:380] - left:45931,right:46233
2019-07-23 09:48:46,238 INFO[org.cyanspring.tools.service.HistoricalDataService:391] - 1min list size:3,maxHigh:103.95446521225,minLow:0.03
2019-07-23 09:48:46,238 INFO[org.cyanspring.tools.service.HistoricalDataService:425] - H_INDEX_LTCUSD_3M lset:{"c":103.92705922333333,"h":103.95446521225,"kt":"2019-06-05 22:57","l":0.03,"o":103.66125207749998,"sc":"INDEX","sm":"LTCUSD","to":0.0,"ts":"2019-06-05 22:59:00.000","v":0.0}
2019-07-23 09:48:46,238 INFO[org.cyanspring.tools.service.HistoricalDataService:380] - left:45931,right:46235
2019-07-23 09:48:46,338 INFO[org.cyanspring.tools.service.HistoricalDataService:391] - 1min list size:5,maxHigh:103.95446521225,minLow:0.03
2019-07-23 09:48:46,338 INFO[org.cyanspring.tools.service.HistoricalDataService:425] - H_INDEX_LTCUSD_5M lset:{"c":103.92705922333333,"h":103.95446521225,"kt":"2019-06-05 22:55","l":0.03,"o":103.500423093375,"sc":"INDEX","sm":"LTCUSD","to":0.0,"ts":"2019-06-05 22:59:00.000","v":0.0}
2019-07-23 09:48:46,338 INFO[org.cyanspring.tools.service.HistoricalDataService:380] - left:45931,right:46240
2019-07-23 09:48:46,368 INFO[org.cyanspring.tools.service.HistoricalDataService:391] - 1min list size:10,maxHigh:104.00481984999999,minLow:0.03
2019-07-23 09:48:46,368 INFO[org.cyanspring.tools.service.HistoricalDataService:425] - H_INDEX_LTCUSD_10M lset:{"c":103.95633327916666,"h":104.27255283225,"kt":"2019-06-05 23:00","l":0.03,"o":103.92705922333333,"sc":"INDEX","sm":"LTCUSD","to":0.0,"ts":"2019-06-05 23:09:00.000","v":0.0}
2019-07-23 09:48:46,378 INFO[org.cyanspring.tools.service.HistoricalDataService:380] - left:45931,right:46245
2019-07-23 09:48:46,398 INFO[org.cyanspring.tools.service.HistoricalDataService:391] - 1min list size:15,maxHigh:104.29726803625,minLow:0.03
2019-07-23 09:48:46,398 INFO[org.cyanspring.tools.service.HistoricalDataService:425] - H_INDEX_LTCUSD_15M lset:{"c":103.92705922333333,"h":104.29726803625,"kt":"2019-06-05 22:45","l":0.03,"o":103.4563971,"sc":"INDEX","sm":"LTCUSD","to":0.0,"ts":"2019-06-05 22:59:00.000","v":0.0}
2019-07-23 09:48:46,398 INFO[org.cyanspring.tools.service.HistoricalDataService:380] - left:45931,right:46260
2019-07-23 09:48:46,438 INFO[org.cyanspring.tools.service.HistoricalDataService:391] - 1min list size:30,maxHigh:104.29726803625,minLow:0.03
2019-07-23 09:48:46,448 INFO[org.cyanspring.tools.service.HistoricalDataService:425] - H_INDEX_LTCUSD_30M lset:{"c":103.82492597749999,"h":104.29726803625,"kt":"2019-06-05 23:00","l":0.03,"o":103.92705922333333,"sc":"INDEX","sm":"LTCUSD","to":0.0,"ts":"2019-06-05 23:29:00.000","v":0.0}
2019-07-23 09:48:46,458 INFO[org.cyanspring.tools.service.HistoricalDataService:380] - left:45931,right:46290
2019-07-23 09:48:46,478 INFO[org.cyanspring.tools.service.HistoricalDataService:391] - 1min list size:60,maxHigh:104.29726803625,minLow:0.03
2019-07-23 09:48:46,488 INFO[org.cyanspring.tools.service.HistoricalDataService:425] - H_INDEX_LTCUSD_1H lset:{"c":103.78216337875,"h":104.29726803625,"kt":"2019-06-05 23:00","l":0.03,"o":103.92705922333333,"sc":"INDEX","sm":"LTCUSD","to":0.0,"ts":"2019-06-05 23:59:00.000","v":0.0}
2019-07-23 09:48:46,488 INFO[org.cyanspring.tools.service.HistoricalDataService:380] - left:45931,right:46350
2019-07-23 09:48:46,518 INFO[org.cyanspring.tools.service.HistoricalDataService:391] - 1min list size:120,maxHigh:104.29726803625,minLow:0.03
2019-07-23 09:48:46,518 INFO[org.cyanspring.tools.service.HistoricalDataService:425] - H_INDEX_LTCUSD_2H lset:{"c":103.78216337875,"h":104.29726803625,"kt":"2019-06-05 22:00","l":0.03,"o":103.21139468249999,"sc":"INDEX","sm":"LTCUSD","to":0.0,"ts":"2019-06-05 23:59:00.000","v":0.0}
2019-07-23 09:48:46,518 INFO[org.cyanspring.tools.service.HistoricalDataService:380] - left:45931,right:46470
2019-07-23 09:48:46,548 INFO[org.cyanspring.tools.service.HistoricalDataService:391] - 1min list size:240,maxHigh:104.34189772583333,minLow:0.03
2019-07-23 09:48:46,558 INFO[org.cyanspring.tools.service.HistoricalDataService:425] - H_INDEX_LTCUSD_4H lset:{"c":103.78216337875,"h":104.34189772583333,"kt":"2019-06-05 20:00","l":0.03,"o":103.06530376799999,"sc":"INDEX","sm":"LTCUSD","to":0.0,"ts":"2019-06-05 23:59:00.000","v":0.0}
2019-07-23 09:48:46,558 INFO[org.cyanspring.tools.service.HistoricalDataService:380] - left:45931,right:46590
2019-07-23 09:48:46,588 INFO[org.cyanspring.tools.service.HistoricalDataService:391] - 1min list size:360,maxHigh:104.34189772583333,minLow:0.03
2019-07-23 09:48:46,588 INFO[org.cyanspring.tools.service.HistoricalDataService:425] - H_INDEX_LTCUSD_6H lset:{"c":103.78216337875,"h":104.34189772583333,"kt":"2019-06-05 18:00","l":0.03,"o":102.81970081899999,"sc":"INDEX","sm":"LTCUSD","to":0.0,"ts":"2019-06-05 23:59:00.000","v":0.0}
2019-07-23 09:48:46,599 INFO[org.cyanspring.tools.service.HistoricalDataService:380] - left:45931,right:46710
2019-07-23 09:48:46,664 INFO[org.cyanspring.tools.service.HistoricalDataService:391] - 1min list size:480,maxHigh:104.34189772583333,minLow:0.03
2019-07-23 09:48:46,664 INFO[org.cyanspring.tools.service.HistoricalDataService:425] - H_INDEX_LTCUSD_8H lset:{"c":103.78216337875,"h":104.34189772583333,"kt":"2019-06-05 16:00","l":0.03,"o":100.81574874583332,"sc":"INDEX","sm":"LTCUSD","to":0.0,"ts":"2019-06-05 23:59:00.000","v":0.0}
2019-07-23 09:48:46,664 INFO[org.cyanspring.tools.service.HistoricalDataService:380] - left:45931,right:46950
2019-07-23 09:48:46,704 INFO[org.cyanspring.tools.service.HistoricalDataService:391] - 1min list size:720,maxHigh:104.34189772583333,minLow:0.03
2019-07-23 09:48:46,704 INFO[org.cyanspring.tools.service.HistoricalDataService:425] - H_INDEX_LTCUSD_12H lset:{"c":103.78216337875,"h":105.16492255875,"kt":"2019-06-05 12:00","l":0.03,"o":103.27640428599999,"sc":"INDEX","sm":"LTCUSD","to":0.0,"ts":"2019-06-05 23:59:00.000","v":0.0}
2019-07-23 09:48:46,714 INFO[org.cyanspring.tools.service.HistoricalDataService:380] - left:45931,right:47670
2019-07-23 09:48:46,774 INFO[org.cyanspring.tools.service.HistoricalDataService:391] - 1min list size:1440,maxHigh:105.16492255875,minLow:0.03
2019-07-23 09:48:46,784 INFO[org.cyanspring.tools.service.HistoricalDataService:425] - H_INDEX_LTCUSD_D lset:{"c":103.78216337875,"h":105.16492255875,"kt":"2019-06-05 00:00","l":0.03,"o":101.99467761025001,"sc":"INDEX","sm":"LTCUSD","to":0.0,"ts":"2019-06-05 23:59:00.000","v":0.0}
2019-07-23 09:48:46,784 INFO[org.cyanspring.tools.service.HistoricalDataService:380] - left:40171,right:50550
2019-07-23 09:48:47,074 INFO[org.cyanspring.tools.service.HistoricalDataService:391] - 1min list size:10019,maxHigh:121.43676189166666,minLow:0.03
2019-07-23 09:48:47,074 INFO[org.cyanspring.tools.service.HistoricalDataService:425] - H_INDEX_LTCUSD_W lset:{"c":118.53490620000001,"h":121.43676189166666,"kt":"2019-06-03 00:00","l":0.03,"o":112.47172850549998,"sc":"INDEX","sm":"LTCUSD","to":0.0,"ts":"2019-06-08 23:59:00.000","v":0.0}
2019-07-23 09:49:06,576 INFO[org.cyanspring.tools.service.HistoricalDataService:380] - left:9931,right:53430
2019-07-23 09:49:07,691 INFO[org.cyanspring.tools.service.HistoricalDataService:391] - 1min list size:43139,maxHigh:146.80608752286668,minLow:0.03
2019-07-23 09:49:07,691 INFO[org.cyanspring.tools.service.HistoricalDataService:425] - H_INDEX_LTCUSD_MTH lset:{"c":121.76544833333334,"h":146.80608752286668,"kt":"2019-06-01 00:00","l":0.03,"o":114.57011400000002,"sc":"INDEX","sm":"LTCUSD","to":0.0,"ts":"2019-06-30 23:59:00.000","v":0.0}
2019-07-23 09:49:07,701 INFO[org.cyanspring.tools.service.HistoricalDataService:58] - 0.36655 minutes
